#
# There is insufficient memory for the Java Runtime Environment to continue.
# Native memory allocation (mmap) failed to map 234881024 bytes. Error detail: G1 virtual space
# Possible reasons:
#   The system is out of physical RAM or swap space
#   This process is running with CompressedOops enabled, and the Java Heap may be blocking the growth of the native heap
# Possible solutions:
#   Reduce memory load on the system
#   Increase physical memory or swap space
#   Check if swap backing store is full
#   Decrease Java heap size (-Xmx/-Xms)
#   Decrease number of Java threads
#   Decrease Java thread stack sizes (-Xss)
#   Set larger code cache with -XX:ReservedCodeCacheSize=
#   JVM is running with Unscaled Compressed Oops mode in which the Java heap is
#     placed in the first 4GB address space. The Java Heap base address is the
#     maximum limit for the native heap growth. Please use -XX:HeapBaseMinAddress
#     to set the Java Heap base and to place the Java Heap above 4GB virtual address.
# This output file may be truncated or incomplete.
#
#  Out of Memory Error (os_windows.cpp:3618), pid=11528, tid=25568
#
# JRE version: OpenJDK Runtime Environment Temurin-17.0.19+10 (17.0.19+10) (build 17.0.19+10)
# Java VM: OpenJDK 64-Bit Server VM Temurin-17.0.19+10 (17.0.19+10, mixed mode, sharing, tiered, compressed oops, compressed class ptrs, g1 gc, windows-amd64)
# No core dump will be written. Minidumps are not enabled by default on client versions of Windows
#

---------------  S U M M A R Y ------------

Command Line: --add-opens=java.base/java.lang=ALL-UNNAMED --add-opens=java.base/java.lang.invoke=ALL-UNNAMED --add-opens=java.base/java.util=ALL-UNNAMED --add-opens=java.prefs/java.util.prefs=ALL-UNNAMED --add-exports=jdk.compiler/com.sun.tools.javac.api=ALL-UNNAMED --add-exports=jdk.compiler/com.sun.tools.javac.util=ALL-UNNAMED --add-opens=java.base/java.util=ALL-UNNAMED --add-opens=java.prefs/java.util.prefs=ALL-UNNAMED --add-opens=java.base/java.nio.charset=ALL-UNNAMED --add-opens=java.base/java.net=ALL-UNNAMED --add-opens=java.base/java.util.concurrent=ALL-UNNAMED --add-opens=java.base/java.util.concurrent.atomic=ALL-UNNAMED --add-opens=java.xml/javax.xml.namespace=ALL-UNNAMED --add-opens=java.base/java.time=ALL-UNNAMED -XX:MaxMetaspaceSize=512m -Xmx2048m -Dfile.encoding=windows-1252 -Duser.country=IN -Duser.language=en -Duser.variant -javaagent:C:\Users\Karishma\.gradle\wrapper\dists\gradle-9.3.1-bin\23ovyewtku6u96viwx3xl3oks\gradle-9.3.1\lib\agents\gradle-instrumentation-agent-9.3.1.jar org.gradle.launcher.daemon.bootstrap.GradleDaemon 9.3.1

Host: AMD Ryzen 5 5500U with Radeon Graphics         , 12 cores, 7G,  Windows 11 , 64 bit Build 26100 (10.0.26100.8328)
Time: Wed May 20 14:55:17 2026 India Standard Time elapsed time: 51.983600 seconds (0d 0h 0m 51s)

---------------  T H R E A D  ---------------

Current thread (0x00000216d9b1cc20):  VMThread "VM Thread" [stack: 0x00000067a9700000,0x00000067a9800000] [id=25568]

Stack: [0x00000067a9700000,0x00000067a9800000]
Native frames: (J=compiled Java code, j=interpreted, Vv=VM code, C=native code)
V  [jvm.dll+0x684b29]
V  [jvm.dll+0x83a2d5]
V  [jvm.dll+0x83bd4e]
V  [jvm.dll+0x83c3d3]
V  [jvm.dll+0x24905f]
V  [jvm.dll+0x6818e9]
V  [jvm.dll+0x6766ea]
V  [jvm.dll+0x3093b7]
V  [jvm.dll+0x3109a6]
V  [jvm.dll+0x360f1e]
V  [jvm.dll+0x36115d]
V  [jvm.dll+0x2e043c]
V  [jvm.dll+0x2de812]
V  [jvm.dll+0x2ddfac]
V  [jvm.dll+0x320c6b]
V  [jvm.dll+0x840bed]
V  [jvm.dll+0x841923]
V  [jvm.dll+0x841e4f]
V  [jvm.dll+0x842235]
V  [jvm.dll+0x8422fe]
V  [jvm.dll+0x7eaf1c]
V  [jvm.dll+0x6839f7]
C  [ucrtbase.dll+0x37b0]
C  [KERNEL32.DLL+0x2e957]
C  [ntdll.dll+0x427c]

VM_Operation (0x00000067ab1f11a0): G1CollectForAllocation, mode: safepoint, requested by thread 0x00000216f9009f40


---------------  P R O C E S S  ---------------

Threads class SMR info:
_java_thread_list=0x00000216fb23e4a0, length=77, elements={
0x00000216bb403d20, 0x00000216d9b22020, 0x00000216d9b22af0, 0x00000216d9b3d940,
0x00000216d9b40220, 0x00000216d9b40af0, 0x00000216d9b433d0, 0x00000216d9b45fe0,
0x00000216d9b49910, 0x00000216f900b380, 0x00000216f9009010, 0x00000216f9009520,
0x00000216f90080e0, 0x00000216f9008b00, 0x00000216f900a450, 0x00000216f900b890,
0x00000216f9009a30, 0x00000216f90085f0, 0x00000216f9009f40, 0x00000216f900ae70,
0x00000216fae08d20, 0x00000216fae09c50, 0x00000216fae0ab80, 0x00000216fae08810,
0x00000216fae0a160, 0x00000216fae09230, 0x00000216fae0c9e0, 0x00000216fae0a670,
0x00000216fae0b5a0, 0x00000216fae0b090, 0x00000216fae0cef0, 0x00000216fae09740,
0x00000216fae0f770, 0x00000216fae0e330, 0x00000216fae0d910, 0x00000216fae0ed50,
0x00000216fae0f260, 0x00000216fae0fc80, 0x00000216fae0d400, 0x00000216fae0c4d0,
0x00000216fae10190, 0x00000216fb3d43a0, 0x00000216fb3d48b0, 0x00000216fb3d57e0,
0x00000216fb3d4dc0, 0x00000216fb3d5cf0, 0x00000216fb3d6200, 0x00000216fb3d6710,
0x00000216fb3d6c20, 0x00000216fb3d3e90, 0x00000216fb3d3980, 0x00000216fb3d7b50,
0x00000216fb3d7130, 0x00000216fb3da3d0, 0x00000216fb3d9ec0, 0x00000216fb3da8e0,
0x00000216fb3d99b0, 0x00000216fb3d8a80, 0x00000216fb3dadf0, 0x00000216fb3d94a0,
0x00000216fb3d7640, 0x00000216fb3db300, 0x00000216fb3d8060, 0x00000216fb3d8570,
0x00000216fb3d8f90, 0x00000216fe7cdc90, 0x00000216fe7cbe30, 0x00000216fe7caf00,
0x00000216fe7ce1a0, 0x00000216fe7cd780, 0x00000216fe7cc340, 0x00000216fe7ccd60,
0x00000216fe7ce6b0, 0x00000216fe7cb410, 0x00000216fe7cb920, 0x00000216fe7cebc0,
0x00000216fe7d0f30
}

Java Threads: ( => current thread )
  0x00000216bb403d20 JavaThread "main" [_thread_blocked, id=11072, stack(0x00000067a9100000,0x00000067a9200000)]
  0x00000216d9b22020 JavaThread "Reference Handler" daemon [_thread_blocked, id=11244, stack(0x00000067a9800000,0x00000067a9900000)]
  0x00000216d9b22af0 JavaThread "Finalizer" daemon [_thread_blocked, id=10080, stack(0x00000067a9900000,0x00000067a9a00000)]
  0x00000216d9b3d940 JavaThread "Signal Dispatcher" daemon [_thread_blocked, id=25480, stack(0x00000067a9a00000,0x00000067a9b00000)]
  0x00000216d9b40220 JavaThread "Attach Listener" daemon [_thread_blocked, id=15804, stack(0x00000067a9b00000,0x00000067a9c00000)]
  0x00000216d9b40af0 JavaThread "Service Thread" daemon [_thread_blocked, id=7876, stack(0x00000067a9c00000,0x00000067a9d00000)]
  0x00000216d9b433d0 JavaThread "Monitor Deflation Thread" daemon [_thread_blocked, id=6604, stack(0x00000067a9d00000,0x00000067a9e00000)]
  0x00000216d9b45fe0 JavaThread "C2 CompilerThread0" daemon [_thread_blocked, id=29536, stack(0x00000067a9e00000,0x00000067a9f00000)]
  0x00000216d9b49910 JavaThread "C1 CompilerThread0" daemon [_thread_blocked, id=8492, stack(0x00000067a9f00000,0x00000067aa000000)]
  0x00000216f900b380 JavaThread "Sweeper thread" daemon [_thread_blocked, id=21920, stack(0x00000067aa000000,0x00000067aa100000)]
  0x00000216f9009010 JavaThread "Common-Cleaner" daemon [_thread_blocked, id=29208, stack(0x00000067aa100000,0x00000067aa200000)]
  0x00000216f9009520 JavaThread "Notification Thread" daemon [_thread_blocked, id=22808, stack(0x00000067aa300000,0x00000067aa400000)]
  0x00000216f90080e0 JavaThread "Daemon health stats" [_thread_blocked, id=29000, stack(0x00000067aa900000,0x00000067aaa00000)]
  0x00000216f9008b00 JavaThread "Incoming local TCP Connector on port 57929" [_thread_in_native, id=27424, stack(0x00000067aa200000,0x00000067aa300000)]
  0x00000216f900a450 JavaThread "Daemon periodic checks" [_thread_blocked, id=16224, stack(0x00000067aad00000,0x00000067aae00000)]
  0x00000216f900b890 JavaThread "Daemon" [_thread_blocked, id=14468, stack(0x00000067aae00000,0x00000067aaf00000)]
  0x00000216f9009a30 JavaThread "Handler for socket connection from /127.0.0.1:57929 to /127.0.0.1:57930" [_thread_in_native, id=14672, stack(0x00000067aaf00000,0x00000067ab000000)]
  0x00000216f90085f0 JavaThread "Cancel handler" [_thread_blocked, id=18244, stack(0x00000067ab000000,0x00000067ab100000)]
  0x00000216f9009f40 JavaThread "Daemon worker" [_thread_blocked, id=10324, stack(0x00000067ab100000,0x00000067ab200000)]
  0x00000216f900ae70 JavaThread "Asynchronous log dispatcher for DefaultDaemonConnection: socket connection from /127.0.0.1:57929 to /127.0.0.1:57930" [_thread_blocked, id=17968, stack(0x00000067ab200000,0x00000067ab300000)]
  0x00000216fae08d20 JavaThread "Stdin handler" [_thread_blocked, id=10408, stack(0x00000067ab300000,0x00000067ab400000)]
  0x00000216fae09c50 JavaThread "Daemon client event forwarder" [_thread_blocked, id=29392, stack(0x00000067ab400000,0x00000067ab500000)]
  0x00000216fae0ab80 JavaThread "Cache worker for journal cache (C:\Users\Karishma\.gradle\caches\journal-1)" [_thread_blocked, id=27008, stack(0x00000067ab500000,0x00000067ab600000)]
  0x00000216fae08810 JavaThread "File lock request listener" [_thread_in_native, id=2816, stack(0x00000067ab700000,0x00000067ab800000)]
  0x00000216fae0a160 JavaThread "Cache worker for file hash cache (C:\Users\Karishma\.gradle\caches\9.3.1\fileHashes)" [_thread_blocked, id=26300, stack(0x00000067ab800000,0x00000067ab900000)]
  0x00000216fae09230 JavaThread "Cache worker for file hash cache (C:\Users\Karishma\smileAssistant\android\.gradle\9.3.1\fileHashes)" [_thread_blocked, id=25524, stack(0x00000067abd00000,0x00000067abe00000)]
  0x00000216fae0c9e0 JavaThread "Cache worker for Build Output Cleanup Cache (C:\Users\Karishma\smileAssistant\android\.gradle\buildOutputCleanup)" [_thread_blocked, id=7336, stack(0x00000067abe00000,0x00000067abf00000)]
  0x00000216fae0a670 JavaThread "File watcher server" daemon [_thread_in_native, id=27108, stack(0x00000067abf00000,0x00000067ac000000)]
  0x00000216fae0b5a0 JavaThread "File watcher consumer" daemon [_thread_blocked, id=5356, stack(0x00000067ac000000,0x00000067ac100000)]
  0x00000216fae0b090 JavaThread "Cache worker for checksums cache (C:\Users\Karishma\smileAssistant\android\.gradle\9.3.1\checksums)" [_thread_blocked, id=19252, stack(0x00000067ab600000,0x00000067ab700000)]
  0x00000216fae0cef0 JavaThread "Cache worker for file content cache (C:\Users\Karishma\.gradle\caches\9.3.1\fileContent)" [_thread_blocked, id=27676, stack(0x00000067ac100000,0x00000067ac200000)]
  0x00000216fae09740 JavaThread "Cache worker for cache directory md-supplier (C:\Users\Karishma\.gradle\caches\9.3.1\md-supplier)" [_thread_blocked, id=24500, stack(0x00000067ac300000,0x00000067ac400000)]
  0x00000216fae0f770 JavaThread "Cache worker for cache directory md-rule (C:\Users\Karishma\.gradle\caches\9.3.1\md-rule)" [_thread_blocked, id=29036, stack(0x00000067ac400000,0x00000067ac500000)]
  0x00000216fae0e330 JavaThread "jar transforms" [_thread_blocked, id=2384, stack(0x00000067ac600000,0x00000067ac700000)]
  0x00000216fae0d910 JavaThread "Cache worker for Build Output Cleanup Cache (C:\Users\Karishma\smileAssistant\node_modules\@react-native\gradle-plugin\.gradle\buildOutputCleanup)" [_thread_blocked, id=10752, stack(0x00000067ac700000,0x00000067ac800000)]
  0x00000216fae0ed50 JavaThread "Unconstrained build operations" [_thread_blocked, id=9164, stack(0x00000067ac800000,0x00000067ac900000)]
  0x00000216fae0f260 JavaThread "Unconstrained build operations Thread 2" [_thread_blocked, id=19696, stack(0x00000067ac900000,0x00000067aca00000)]
  0x00000216fae0fc80 JavaThread "Unconstrained build operations Thread 3" [_thread_blocked, id=25180, stack(0x00000067aca00000,0x00000067acb00000)]
  0x00000216fae0d400 JavaThread "Unconstrained build operations Thread 4" [_thread_blocked, id=21180, stack(0x00000067acb00000,0x00000067acc00000)]
  0x00000216fae0c4d0 JavaThread "Unconstrained build operations Thread 5" [_thread_blocked, id=29692, stack(0x00000067acc00000,0x00000067acd00000)]
  0x00000216fae10190 JavaThread "Unconstrained build operations Thread 6" [_thread_blocked, id=17864, stack(0x00000067acd00000,0x00000067ace00000)]
  0x00000216fb3d43a0 JavaThread "Unconstrained build operations Thread 7" [_thread_blocked, id=20276, stack(0x00000067acf00000,0x00000067ad000000)]
  0x00000216fb3d48b0 JavaThread "Unconstrained build operations Thread 8" [_thread_blocked, id=20484, stack(0x00000067ad000000,0x00000067ad100000)]
  0x00000216fb3d57e0 JavaThread "Unconstrained build operations Thread 9" [_thread_blocked, id=22100, stack(0x00000067ad100000,0x00000067ad200000)]
  0x00000216fb3d4dc0 JavaThread "Unconstrained build operations Thread 10" [_thread_blocked, id=16040, stack(0x00000067ad200000,0x00000067ad300000)]
  0x00000216fb3d5cf0 JavaThread "Unconstrained build operations Thread 11" [_thread_blocked, id=13856, stack(0x00000067ad300000,0x00000067ad400000)]
  0x00000216fb3d6200 JavaThread "Unconstrained build operations Thread 12" [_thread_blocked, id=18652, stack(0x00000067ad400000,0x00000067ad500000)]
  0x00000216fb3d6710 JavaThread "Unconstrained build operations Thread 13" [_thread_blocked, id=29184, stack(0x00000067ad500000,0x00000067ad600000)]
  0x00000216fb3d6c20 JavaThread "Unconstrained build operations Thread 14" [_thread_blocked, id=22644, stack(0x00000067ad600000,0x00000067ad700000)]
  0x00000216fb3d3e90 JavaThread "Unconstrained build operations Thread 15" [_thread_blocked, id=17784, stack(0x00000067ad700000,0x00000067ad800000)]
  0x00000216fb3d3980 JavaThread "Unconstrained build operations Thread 16" [_thread_blocked, id=5540, stack(0x00000067ad800000,0x00000067ad900000)]
  0x00000216fb3d7b50 JavaThread "Unconstrained build operations Thread 17" [_thread_blocked, id=27380, stack(0x00000067ad900000,0x00000067ada00000)]
  0x00000216fb3d7130 JavaThread "Unconstrained build operations Thread 18" [_thread_blocked, id=29512, stack(0x00000067ada00000,0x00000067adb00000)]
  0x00000216fb3da3d0 JavaThread "Unconstrained build operations Thread 19" [_thread_blocked, id=21460, stack(0x00000067adb00000,0x00000067adc00000)]
  0x00000216fb3d9ec0 JavaThread "Unconstrained build operations Thread 20" [_thread_blocked, id=2664, stack(0x00000067adc00000,0x00000067add00000)]
  0x00000216fb3da8e0 JavaThread "Unconstrained build operations Thread 21" [_thread_blocked, id=26464, stack(0x00000067add00000,0x00000067ade00000)]
  0x00000216fb3d99b0 JavaThread "Unconstrained build operations Thread 22" [_thread_blocked, id=20372, stack(0x00000067ade00000,0x00000067adf00000)]
  0x00000216fb3d8a80 JavaThread "Unconstrained build operations Thread 23" [_thread_blocked, id=22332, stack(0x00000067adf00000,0x00000067ae000000)]
  0x00000216fb3dadf0 JavaThread "Unconstrained build operations Thread 24" [_thread_blocked, id=17536, stack(0x00000067ae000000,0x00000067ae100000)]
  0x00000216fb3d94a0 JavaThread "Unconstrained build operations Thread 25" [_thread_blocked, id=20304, stack(0x00000067ae100000,0x00000067ae200000)]
  0x00000216fb3d7640 JavaThread "Unconstrained build operations Thread 26" [_thread_blocked, id=23896, stack(0x00000067ae200000,0x00000067ae300000)]
  0x00000216fb3db300 JavaThread "Unconstrained build operations Thread 27" [_thread_blocked, id=23632, stack(0x00000067ae300000,0x00000067ae400000)]
  0x00000216fb3d8060 JavaThread "Unconstrained build operations Thread 28" [_thread_blocked, id=22500, stack(0x00000067ae400000,0x00000067ae500000)]
  0x00000216fb3d8570 JavaThread "Unconstrained build operations Thread 29" [_thread_blocked, id=16624, stack(0x00000067ae500000,0x00000067ae600000)]
  0x00000216fb3d8f90 JavaThread "Unconstrained build operations Thread 30" [_thread_blocked, id=27916, stack(0x00000067ae600000,0x00000067ae700000)]
  0x00000216fe7cdc90 JavaThread "Unconstrained build operations Thread 31" [_thread_blocked, id=27556, stack(0x00000067ae700000,0x00000067ae800000)]
  0x00000216fe7cbe30 JavaThread "Unconstrained build operations Thread 32" [_thread_blocked, id=10832, stack(0x00000067ae800000,0x00000067ae900000)]
  0x00000216fe7caf00 JavaThread "Unconstrained build operations Thread 33" [_thread_blocked, id=15632, stack(0x00000067ae900000,0x00000067aea00000)]
  0x00000216fe7ce1a0 JavaThread "Unconstrained build operations Thread 34" [_thread_blocked, id=13068, stack(0x00000067aea00000,0x00000067aeb00000)]
  0x00000216fe7cd780 JavaThread "Unconstrained build operations Thread 35" [_thread_blocked, id=28964, stack(0x00000067aeb00000,0x00000067aec00000)]
  0x00000216fe7cc340 JavaThread "Unconstrained build operations Thread 36" [_thread_blocked, id=28756, stack(0x00000067aec00000,0x00000067aed00000)]
  0x00000216fe7ccd60 JavaThread "Unconstrained build operations Thread 37" [_thread_blocked, id=27116, stack(0x00000067aed00000,0x00000067aee00000)]
  0x00000216fe7ce6b0 JavaThread "Unconstrained build operations Thread 38" [_thread_blocked, id=28708, stack(0x00000067aee00000,0x00000067aef00000)]
  0x00000216fe7cb410 JavaThread "Unconstrained build operations Thread 39" [_thread_blocked, id=24988, stack(0x00000067aef00000,0x00000067af000000)]
  0x00000216fe7cb920 JavaThread "build event listener" [_thread_blocked, id=29272, stack(0x00000067ace00000,0x00000067acf00000)]
  0x00000216fe7cebc0 JavaThread "Memory manager" [_thread_blocked, id=8928, stack(0x00000067af000000,0x00000067af100000)]
  0x00000216fe7d0f30 JavaThread "Problems report writer" [_thread_blocked, id=29016, stack(0x00000067ac200000,0x00000067ac300000)]

Other Threads:
=>0x00000216d9b1cc20 VMThread "VM Thread" [stack: 0x00000067a9700000,0x00000067a9800000] [id=25568]
  0x00000216f91b0560 WatcherThread [stack: 0x00000067aa400000,0x00000067aa500000] [id=1304]
  0x00000216bb463be0 GCTaskThread "GC Thread#0" [stack: 0x00000067a9200000,0x00000067a9300000] [id=10580]
  0x00000216f93ed8d0 GCTaskThread "GC Thread#1" [stack: 0x00000067aa500000,0x00000067aa600000] [id=17312]
  0x00000216f948fc50 GCTaskThread "GC Thread#2" [stack: 0x00000067aa600000,0x00000067aa700000] [id=21352]
  0x00000216fa54f9b0 GCTaskThread "GC Thread#3" [stack: 0x00000067aa700000,0x00000067aa800000] [id=27384]
  0x00000216fa2b5180 GCTaskThread "GC Thread#4" [stack: 0x00000067aa800000,0x00000067aa900000] [id=14368]
  0x00000216fabe48c0 GCTaskThread "GC Thread#5" [stack: 0x00000067aaa00000,0x00000067aab00000] [id=24912]
  0x00000216f9f63fb0 GCTaskThread "GC Thread#6" [stack: 0x00000067aab00000,0x00000067aac00000] [id=6172]
  0x00000216fad8a840 GCTaskThread "GC Thread#7" [stack: 0x00000067aac00000,0x00000067aad00000] [id=23560]
  0x00000216faf04100 GCTaskThread "GC Thread#8" [stack: 0x00000067ab900000,0x00000067aba00000] [id=29280]
  0x00000216fb9e0d00 GCTaskThread "GC Thread#9" [stack: 0x00000067aba00000,0x00000067abb00000] [id=24632]
  0x00000216bb475710 ConcurrentGCThread "G1 Main Marker" [stack: 0x00000067a9300000,0x00000067a9400000] [id=26680]
  0x00000216bb4767e0 ConcurrentGCThread "G1 Conc#0" [stack: 0x00000067a9400000,0x00000067a9500000] [id=26148]
  0x00000216fd71f9e0 ConcurrentGCThread "G1 Conc#1" [stack: 0x00000067abb00000,0x00000067abc00000] [id=18516]
  0x00000216fc27b010 ConcurrentGCThread "G1 Conc#2" [stack: 0x00000067abc00000,0x00000067abd00000] [id=29368]
  0x00000216bb4aec70 ConcurrentGCThread "G1 Refine#0" [stack: 0x00000067a9500000,0x00000067a9600000] [id=28884]
  0x00000216fb749e80 ConcurrentGCThread "G1 Refine#1" [stack: 0x00000067ac500000,0x00000067ac600000] [id=29520]
  0x00000216fb10f5f0 ConcurrentGCThread "G1 Refine#2" [stack: 0x00000067af200000,0x00000067af300000] [id=19992]
  0x00000216fb2a6f50 ConcurrentGCThread "G1 Refine#3" [stack: 0x00000067af300000,0x00000067af400000] [id=22060]
  0x00000216f909d080 ConcurrentGCThread "G1 Refine#4" [stack: 0x00000067af400000,0x00000067af500000] [id=11120]
  0x00000216fc1522e0 ConcurrentGCThread "G1 Refine#5" [stack: 0x00000067af500000,0x00000067af600000] [id=21608]
  0x00000216fc53b0b0 ConcurrentGCThread "G1 Refine#6" [stack: 0x00000067af600000,0x00000067af700000] [id=24276]
  0x00000216fc2f2df0 ConcurrentGCThread "G1 Refine#7" [stack: 0x00000067af700000,0x00000067af800000] [id=27844]
  0x00000216fb143b30 ConcurrentGCThread "G1 Refine#8" [stack: 0x00000067af800000,0x00000067af900000] [id=27256]
  0x00000216d99ce300 ConcurrentGCThread "G1 Service" [stack: 0x00000067a9600000,0x00000067a9700000] [id=13904]

Threads with active compile tasks:
C2 CompilerThread0  52056 13428       4       org.jetbrains.org.objectweb.asm.ClassReader::accept (1401 bytes)

VM state: at safepoint (normal execution)

VM Mutex/Monitor currently owned by a thread:  ([mutex/lock_event])
[0x00000216b9046040] Threads_lock - owner thread: 0x00000216d9b1cc20
[0x00000216bb401850] Heap_lock - owner thread: 0x00000216f9009f40

Heap address: 0x0000000080000000, size: 2048 MB, Compressed Oops mode: 32-bit

CDS archive(s) mapped at: [0x00000216da000000-0x00000216dabb0000-0x00000216dabb0000), size 12255232, SharedBaseAddress: 0x00000216da000000, ArchiveRelocationMode: 1.
Compressed class space mapped at: 0x00000216db000000-0x00000216f5000000, reserved size: 436207616
Narrow klass base: 0x00000216da000000, Narrow klass shift: 0, Narrow klass range: 0x100000000

GC Precious Log:
 CPUs: 12 total, 12 available
 Memory: 7528M
 Large Page Support: Disabled
 NUMA Support: Disabled
 Compressed Oops: Enabled (32-bit)
 Heap Region Size: 1M
 Heap Min Capacity: 8M
 Heap Initial Capacity: 118M
 Heap Max Capacity: 2G
 Pre-touch: Disabled
 Parallel Workers: 10
 Concurrent Workers: 3
 Concurrent Refinement Workers: 10
 Periodic GC: Disabled

Heap:
 garbage-first heap   total 229376K, used 177092K [0x0000000080000000, 0x0000000100000000)
  region size 1024K, 3 young (3072K), 3 survivors (3072K)
 Metaspace       used 132087K, committed 133056K, reserved 557056K
  class space    used 17123K, committed 17536K, reserved 425984K

Heap Regions: E=young(eden), S=young(survivor), O=old, HS=humongous(starts), HC=humongous(continues), CS=collection set, F=free, OA=open archive, CA=closed archive, TAMS=top-at-mark-start (previous, next)
|   0|0x0000000080000000, 0x0000000080100000, 0x0000000080100000|100%|HS|  |TAMS 0x0000000080100000, 0x0000000080100000| Complete 
|   1|0x0000000080100000, 0x0000000080200000, 0x0000000080200000|100%|HC|  |TAMS 0x0000000080200000, 0x0000000080200000| Complete 
|   2|0x0000000080200000, 0x0000000080300000, 0x0000000080300000|100%|HC|  |TAMS 0x0000000080300000, 0x0000000080300000| Complete 
|   3|0x0000000080300000, 0x0000000080400000, 0x0000000080400000|100%|HC|  |TAMS 0x0000000080400000, 0x0000000080400000| Complete 
|   4|0x0000000080400000, 0x0000000080500000, 0x0000000080500000|100%| O|  |TAMS 0x0000000080500000, 0x0000000080500000| Untracked 
|   5|0x0000000080500000, 0x0000000080600000, 0x0000000080600000|100%| O|  |TAMS 0x0000000080600000, 0x0000000080600000| Untracked 
|   6|0x0000000080600000, 0x0000000080700000, 0x0000000080700000|100%| O|  |TAMS 0x0000000080700000, 0x0000000080700000| Untracked 
|   7|0x0000000080700000, 0x0000000080800000, 0x0000000080800000|100%|HS|  |TAMS 0x0000000080800000, 0x0000000080800000| Complete 
|   8|0x0000000080800000, 0x0000000080900000, 0x0000000080900000|100%| O|  |TAMS 0x0000000080900000, 0x0000000080900000| Untracked 
|   9|0x0000000080900000, 0x0000000080a00000, 0x0000000080a00000|100%| O|  |TAMS 0x0000000080a00000, 0x0000000080a00000| Untracked 
|  10|0x0000000080a00000, 0x0000000080b00000, 0x0000000080b00000|100%| O|  |TAMS 0x0000000080b00000, 0x0000000080b00000| Untracked 
|  11|0x0000000080b00000, 0x0000000080c00000, 0x0000000080c00000|100%| O|  |TAMS 0x0000000080c00000, 0x0000000080c00000| Untracked 
|  12|0x0000000080c00000, 0x0000000080d00000, 0x0000000080d00000|100%| O|  |TAMS 0x0000000080d00000, 0x0000000080d00000| Untracked 
|  13|0x0000000080d00000, 0x0000000080e00000, 0x0000000080e00000|100%| O|  |TAMS 0x0000000080e00000, 0x0000000080e00000| Untracked 
|  14|0x0000000080e00000, 0x0000000080f00000, 0x0000000080f00000|100%| O|  |TAMS 0x0000000080f00000, 0x0000000080f00000| Untracked 
|  15|0x0000000080f00000, 0x0000000081000000, 0x0000000081000000|100%| O|  |TAMS 0x0000000081000000, 0x0000000081000000| Untracked 
|  16|0x0000000081000000, 0x0000000081100000, 0x0000000081100000|100%| O|  |TAMS 0x0000000081100000, 0x0000000081100000| Untracked 
|  17|0x0000000081100000, 0x0000000081200000, 0x0000000081200000|100%| O|  |TAMS 0x0000000081200000, 0x0000000081200000| Untracked 
|  18|0x0000000081200000, 0x0000000081300000, 0x0000000081300000|100%| O|  |TAMS 0x0000000081300000, 0x0000000081300000| Untracked 
|  19|0x0000000081300000, 0x0000000081400000, 0x0000000081400000|100%| O|  |TAMS 0x0000000081400000, 0x0000000081400000| Untracked 
|  20|0x0000000081400000, 0x0000000081500000, 0x0000000081500000|100%| O|  |TAMS 0x0000000081500000, 0x0000000081500000| Untracked 
|  21|0x0000000081500000, 0x0000000081600000, 0x0000000081600000|100%| O|  |TAMS 0x0000000081600000, 0x0000000081600000| Untracked 
|  22|0x0000000081600000, 0x0000000081700000, 0x0000000081700000|100%| O|  |TAMS 0x0000000081700000, 0x0000000081700000| Untracked 
|  23|0x0000000081700000, 0x0000000081800000, 0x0000000081800000|100%| O|  |TAMS 0x0000000081800000, 0x0000000081800000| Untracked 
|  24|0x0000000081800000, 0x0000000081900000, 0x0000000081900000|100%| O|  |TAMS 0x0000000081900000, 0x0000000081900000| Untracked 
|  25|0x0000000081900000, 0x0000000081a00000, 0x0000000081a00000|100%| O|  |TAMS 0x0000000081a00000, 0x0000000081a00000| Untracked 
|  26|0x0000000081a00000, 0x0000000081b00000, 0x0000000081b00000|100%| O|  |TAMS 0x0000000081b00000, 0x0000000081b00000| Untracked 
|  27|0x0000000081b00000, 0x0000000081c00000, 0x0000000081c00000|100%| O|  |TAMS 0x0000000081c00000, 0x0000000081c00000| Untracked 
|  28|0x0000000081c00000, 0x0000000081d00000, 0x0000000081d00000|100%| O|  |TAMS 0x0000000081d00000, 0x0000000081d00000| Untracked 
|  29|0x0000000081d00000, 0x0000000081e00000, 0x0000000081e00000|100%| O|  |TAMS 0x0000000081e00000, 0x0000000081e00000| Untracked 
|  30|0x0000000081e00000, 0x0000000081f00000, 0x0000000081f00000|100%| O|  |TAMS 0x0000000081f00000, 0x0000000081f00000| Untracked 
|  31|0x0000000081f00000, 0x0000000082000000, 0x0000000082000000|100%| O|  |TAMS 0x0000000081f00000, 0x0000000082000000| Untracked 
|  32|0x0000000082000000, 0x0000000082100000, 0x0000000082100000|100%| O|  |TAMS 0x0000000082100000, 0x0000000082100000| Untracked 
|  33|0x0000000082100000, 0x0000000082200000, 0x0000000082200000|100%| O|  |TAMS 0x0000000082200000, 0x0000000082200000| Untracked 
|  34|0x0000000082200000, 0x0000000082300000, 0x0000000082300000|100%|HS|  |TAMS 0x0000000082300000, 0x0000000082300000| Complete 
|  35|0x0000000082300000, 0x0000000082400000, 0x0000000082400000|100%|HC|  |TAMS 0x0000000082400000, 0x0000000082400000| Complete 
|  36|0x0000000082400000, 0x0000000082500000, 0x0000000082500000|100%|HC|  |TAMS 0x0000000082500000, 0x0000000082500000| Complete 
|  37|0x0000000082500000, 0x0000000082600000, 0x0000000082600000|100%|HS|  |TAMS 0x0000000082600000, 0x0000000082600000| Complete 
|  38|0x0000000082600000, 0x0000000082700000, 0x0000000082700000|100%|HC|  |TAMS 0x0000000082700000, 0x0000000082700000| Complete 
|  39|0x0000000082700000, 0x0000000082800000, 0x0000000082800000|100%|HC|  |TAMS 0x0000000082800000, 0x0000000082800000| Complete 
|  40|0x0000000082800000, 0x0000000082900000, 0x0000000082900000|100%| O|  |TAMS 0x0000000082900000, 0x0000000082900000| Untracked 
|  41|0x0000000082900000, 0x0000000082a00000, 0x0000000082a00000|100%| O|  |TAMS 0x0000000082a00000, 0x0000000082a00000| Untracked 
|  42|0x0000000082a00000, 0x0000000082b00000, 0x0000000082b00000|100%| O|  |TAMS 0x0000000082b00000, 0x0000000082b00000| Untracked 
|  43|0x0000000082b00000, 0x0000000082c00000, 0x0000000082c00000|100%| O|  |TAMS 0x0000000082c00000, 0x0000000082c00000| Untracked 
|  44|0x0000000082c00000, 0x0000000082d00000, 0x0000000082d00000|100%| O|  |TAMS 0x0000000082d00000, 0x0000000082d00000| Untracked 
|  45|0x0000000082d00000, 0x0000000082e00000, 0x0000000082e00000|100%| O|  |TAMS 0x0000000082e00000, 0x0000000082e00000| Untracked 
|  46|0x0000000082e00000, 0x0000000082f00000, 0x0000000082f00000|100%| O|  |TAMS 0x0000000082f00000, 0x0000000082f00000| Untracked 
|  47|0x0000000082f00000, 0x0000000083000000, 0x0000000083000000|100%| O|  |TAMS 0x0000000083000000, 0x0000000083000000| Untracked 
|  48|0x0000000083000000, 0x0000000083100000, 0x0000000083100000|100%| O|  |TAMS 0x0000000083100000, 0x0000000083100000| Untracked 
|  49|0x0000000083100000, 0x0000000083200000, 0x0000000083200000|100%| O|  |TAMS 0x0000000083200000, 0x0000000083200000| Untracked 
|  50|0x0000000083200000, 0x0000000083300000, 0x0000000083300000|100%| O|  |TAMS 0x0000000083300000, 0x0000000083300000| Untracked 
|  51|0x0000000083300000, 0x0000000083400000, 0x0000000083400000|100%| O|  |TAMS 0x0000000083400000, 0x0000000083400000| Untracked 
|  52|0x0000000083400000, 0x0000000083500000, 0x0000000083500000|100%| O|  |TAMS 0x0000000083500000, 0x0000000083500000| Untracked 
|  53|0x0000000083500000, 0x0000000083600000, 0x0000000083600000|100%| O|  |TAMS 0x0000000083600000, 0x0000000083600000| Untracked 
|  54|0x0000000083600000, 0x0000000083700000, 0x0000000083700000|100%| O|  |TAMS 0x0000000083700000, 0x0000000083700000| Untracked 
|  55|0x0000000083700000, 0x0000000083800000, 0x0000000083800000|100%| O|  |TAMS 0x0000000083800000, 0x0000000083800000| Untracked 
|  56|0x0000000083800000, 0x0000000083900000, 0x0000000083900000|100%| O|  |TAMS 0x0000000083900000, 0x0000000083900000| Untracked 
|  57|0x0000000083900000, 0x0000000083a00000, 0x0000000083a00000|100%| O|  |TAMS 0x0000000083a00000, 0x0000000083a00000| Untracked 
|  58|0x0000000083a00000, 0x0000000083b00000, 0x0000000083b00000|100%| O|  |TAMS 0x0000000083b00000, 0x0000000083b00000| Untracked 
|  59|0x0000000083b00000, 0x0000000083c00000, 0x0000000083c00000|100%| O|  |TAMS 0x0000000083c00000, 0x0000000083c00000| Untracked 
|  60|0x0000000083c00000, 0x0000000083d00000, 0x0000000083d00000|100%| O|  |TAMS 0x0000000083d00000, 0x0000000083d00000| Untracked 
|  61|0x0000000083d00000, 0x0000000083e00000, 0x0000000083e00000|100%| O|  |TAMS 0x0000000083e00000, 0x0000000083e00000| Untracked 
|  62|0x0000000083e00000, 0x0000000083f00000, 0x0000000083f00000|100%| O|  |TAMS 0x0000000083f00000, 0x0000000083f00000| Untracked 
|  63|0x0000000083f00000, 0x0000000084000000, 0x0000000084000000|100%| O|  |TAMS 0x0000000084000000, 0x0000000084000000| Untracked 
|  64|0x0000000084000000, 0x0000000084100000, 0x0000000084100000|100%| O|  |TAMS 0x0000000084100000, 0x0000000084100000| Untracked 
|  65|0x0000000084100000, 0x0000000084200000, 0x0000000084200000|100%| O|  |TAMS 0x0000000084200000, 0x0000000084200000| Untracked 
|  66|0x0000000084200000, 0x0000000084300000, 0x0000000084300000|100%| O|  |TAMS 0x0000000084300000, 0x0000000084300000| Untracked 
|  67|0x0000000084300000, 0x0000000084400000, 0x0000000084400000|100%| O|  |TAMS 0x0000000084400000, 0x0000000084400000| Untracked 
|  68|0x0000000084400000, 0x0000000084500000, 0x0000000084500000|100%| O|  |TAMS 0x0000000084500000, 0x0000000084500000| Untracked 
|  69|0x0000000084500000, 0x0000000084600000, 0x0000000084600000|100%| O|  |TAMS 0x0000000084600000, 0x0000000084600000| Untracked 
|  70|0x0000000084600000, 0x0000000084700000, 0x0000000084700000|100%| O|  |TAMS 0x0000000084700000, 0x0000000084700000| Untracked 
|  71|0x0000000084700000, 0x0000000084800000, 0x0000000084800000|100%| O|  |TAMS 0x0000000084700000, 0x0000000084800000| Untracked 
|  72|0x0000000084800000, 0x0000000084900000, 0x0000000084900000|100%| O|  |TAMS 0x0000000084900000, 0x0000000084900000| Untracked 
|  73|0x0000000084900000, 0x0000000084a00000, 0x0000000084a00000|100%| O|  |TAMS 0x0000000084a00000, 0x0000000084a00000| Untracked 
|  74|0x0000000084a00000, 0x0000000084b00000, 0x0000000084b00000|100%| O|  |TAMS 0x0000000084b00000, 0x0000000084b00000| Untracked 
|  75|0x0000000084b00000, 0x0000000084c00000, 0x0000000084c00000|100%| O|  |TAMS 0x0000000084c00000, 0x0000000084c00000| Untracked 
|  76|0x0000000084c00000, 0x0000000084d00000, 0x0000000084d00000|100%| O|  |TAMS 0x0000000084d00000, 0x0000000084d00000| Untracked 
|  77|0x0000000084d00000, 0x0000000084e00000, 0x0000000084e00000|100%| O|  |TAMS 0x0000000084e00000, 0x0000000084e00000| Untracked 
|  78|0x0000000084e00000, 0x0000000084f00000, 0x0000000084f00000|100%| O|  |TAMS 0x0000000084f00000, 0x0000000084f00000| Untracked 
|  79|0x0000000084f00000, 0x0000000085000000, 0x0000000085000000|100%| O|  |TAMS 0x0000000085000000, 0x0000000085000000| Untracked 
|  80|0x0000000085000000, 0x0000000085100000, 0x0000000085100000|100%| O|  |TAMS 0x0000000085100000, 0x0000000085100000| Untracked 
|  81|0x0000000085100000, 0x0000000085200000, 0x0000000085200000|100%| O|  |TAMS 0x0000000085200000, 0x0000000085200000| Untracked 
|  82|0x0000000085200000, 0x0000000085300000, 0x0000000085300000|100%| O|  |TAMS 0x0000000085300000, 0x0000000085300000| Untracked 
|  83|0x0000000085300000, 0x0000000085400000, 0x0000000085400000|100%| O|  |TAMS 0x0000000085400000, 0x0000000085400000| Untracked 
|  84|0x0000000085400000, 0x0000000085500000, 0x0000000085500000|100%| O|  |TAMS 0x0000000085500000, 0x0000000085500000| Untracked 
|  85|0x0000000085500000, 0x0000000085600000, 0x0000000085600000|100%| O|  |TAMS 0x0000000085600000, 0x0000000085600000| Untracked 
|  86|0x0000000085600000, 0x0000000085700000, 0x0000000085700000|100%| O|  |TAMS 0x0000000085700000, 0x0000000085700000| Untracked 
|  87|0x0000000085700000, 0x0000000085800000, 0x0000000085800000|100%| O|  |TAMS 0x0000000085800000, 0x0000000085800000| Untracked 
|  88|0x0000000085800000, 0x0000000085900000, 0x0000000085900000|100%| O|  |TAMS 0x0000000085900000, 0x0000000085900000| Untracked 
|  89|0x0000000085900000, 0x0000000085a00000, 0x0000000085a00000|100%| O|  |TAMS 0x0000000085a00000, 0x0000000085a00000| Untracked 
|  90|0x0000000085a00000, 0x0000000085b00000, 0x0000000085b00000|100%|HS|  |TAMS 0x0000000085b00000, 0x0000000085b00000| Complete 
|  91|0x0000000085b00000, 0x0000000085c00000, 0x0000000085c00000|100%| O|  |TAMS 0x0000000085c00000, 0x0000000085c00000| Untracked 
|  92|0x0000000085c00000, 0x0000000085d00000, 0x0000000085d00000|100%| O|  |TAMS 0x0000000085d00000, 0x0000000085d00000| Untracked 
|  93|0x0000000085d00000, 0x0000000085e00000, 0x0000000085e00000|100%| O|  |TAMS 0x0000000085e00000, 0x0000000085e00000| Untracked 
|  94|0x0000000085e00000, 0x0000000085f00000, 0x0000000085f00000|100%| O|  |TAMS 0x0000000085f00000, 0x0000000085f00000| Untracked 
|  95|0x0000000085f00000, 0x0000000086000000, 0x0000000086000000|100%| O|  |TAMS 0x0000000086000000, 0x0000000086000000| Untracked 
|  96|0x0000000086000000, 0x0000000086100000, 0x0000000086100000|100%| O|  |TAMS 0x0000000086100000, 0x0000000086100000| Untracked 
|  97|0x0000000086100000, 0x0000000086200000, 0x0000000086200000|100%| O|  |TAMS 0x0000000086200000, 0x0000000086200000| Untracked 
|  98|0x0000000086200000, 0x0000000086300000, 0x0000000086300000|100%| O|  |TAMS 0x0000000086300000, 0x0000000086300000| Untracked 
|  99|0x0000000086300000, 0x0000000086400000, 0x0000000086400000|100%| O|  |TAMS 0x0000000086400000, 0x0000000086400000| Untracked 
| 100|0x0000000086400000, 0x0000000086500000, 0x0000000086500000|100%| O|  |TAMS 0x0000000086500000, 0x0000000086500000| Untracked 
| 101|0x0000000086500000, 0x0000000086600000, 0x0000000086600000|100%| O|  |TAMS 0x0000000086600000, 0x0000000086600000| Untracked 
| 102|0x0000000086600000, 0x0000000086700000, 0x0000000086700000|100%| O|  |TAMS 0x0000000086700000, 0x0000000086700000| Untracked 
| 103|0x0000000086700000, 0x0000000086800000, 0x0000000086800000|100%| O|  |TAMS 0x0000000086800000, 0x0000000086800000| Untracked 
| 104|0x0000000086800000, 0x0000000086900000, 0x0000000086900000|100%| O|  |TAMS 0x0000000086900000, 0x0000000086900000| Untracked 
| 105|0x0000000086900000, 0x0000000086a00000, 0x0000000086a00000|100%| O|  |TAMS 0x0000000086a00000, 0x0000000086a00000| Untracked 
| 106|0x0000000086a00000, 0x0000000086b00000, 0x0000000086b00000|100%| O|  |TAMS 0x0000000086b00000, 0x0000000086b00000| Untracked 
| 107|0x0000000086b00000, 0x0000000086c00000, 0x0000000086c00000|100%| O|  |TAMS 0x0000000086c00000, 0x0000000086c00000| Untracked 
| 108|0x0000000086c00000, 0x0000000086d00000, 0x0000000086d00000|100%| O|  |TAMS 0x0000000086d00000, 0x0000000086d00000| Untracked 
| 109|0x0000000086d00000, 0x0000000086e00000, 0x0000000086e00000|100%| O|  |TAMS 0x0000000086e00000, 0x0000000086e00000| Untracked 
| 110|0x0000000086e00000, 0x0000000086f00000, 0x0000000086f00000|100%| O|  |TAMS 0x0000000086f00000, 0x0000000086f00000| Untracked 
| 111|0x0000000086f00000, 0x0000000087000000, 0x0000000087000000|100%| O|  |TAMS 0x0000000086f00000, 0x0000000087000000| Untracked 
| 112|0x0000000087000000, 0x0000000087100000, 0x0000000087100000|100%| O|  |TAMS 0x0000000087100000, 0x0000000087100000| Untracked 
| 113|0x0000000087100000, 0x0000000087200000, 0x0000000087200000|100%| O|  |TAMS 0x0000000087200000, 0x0000000087200000| Untracked 
| 114|0x0000000087200000, 0x0000000087300000, 0x0000000087300000|100%| O|  |TAMS 0x0000000087300000, 0x0000000087300000| Untracked 
| 115|0x0000000087300000, 0x0000000087400000, 0x0000000087400000|100%| O|  |TAMS 0x0000000087400000, 0x0000000087400000| Untracked 
| 116|0x0000000087400000, 0x0000000087500000, 0x0000000087500000|100%| O|  |TAMS 0x0000000087500000, 0x0000000087500000| Untracked 
| 117|0x0000000087500000, 0x0000000087600000, 0x0000000087600000|100%| O|  |TAMS 0x0000000087600000, 0x0000000087600000| Untracked 
| 118|0x0000000087600000, 0x0000000087700000, 0x0000000087700000|100%| O|  |TAMS 0x0000000087700000, 0x0000000087700000| Untracked 
| 119|0x0000000087700000, 0x0000000087800000, 0x0000000087800000|100%| O|  |TAMS 0x0000000087800000, 0x0000000087800000| Untracked 
| 120|0x0000000087800000, 0x0000000087900000, 0x0000000087900000|100%| O|  |TAMS 0x0000000087900000, 0x0000000087900000| Untracked 
| 121|0x0000000087900000, 0x0000000087a00000, 0x0000000087a00000|100%| O|  |TAMS 0x0000000087a00000, 0x0000000087a00000| Untracked 
| 122|0x0000000087a00000, 0x0000000087b00000, 0x0000000087b00000|100%| O|  |TAMS 0x0000000087b00000, 0x0000000087b00000| Untracked 
| 123|0x0000000087b00000, 0x0000000087c00000, 0x0000000087c00000|100%| O|  |TAMS 0x0000000087c00000, 0x0000000087c00000| Untracked 
| 124|0x0000000087c00000, 0x0000000087d00000, 0x0000000087d00000|100%| O|  |TAMS 0x0000000087c00000, 0x0000000087d00000| Untracked 
| 125|0x0000000087d00000, 0x0000000087e00000, 0x0000000087e00000|100%| O|  |TAMS 0x0000000087e00000, 0x0000000087e00000| Untracked 
| 126|0x0000000087e00000, 0x0000000087f00000, 0x0000000087f00000|100%| O|  |TAMS 0x0000000087f00000, 0x0000000087f00000| Untracked 
| 127|0x0000000087f00000, 0x0000000088000000, 0x0000000088000000|100%| O|  |TAMS 0x0000000088000000, 0x0000000088000000| Untracked 
| 128|0x0000000088000000, 0x0000000088100000, 0x0000000088100000|100%| O|  |TAMS 0x0000000088100000, 0x0000000088100000| Untracked 
| 129|0x0000000088100000, 0x0000000088200000, 0x0000000088200000|100%| O|  |TAMS 0x000000008811be00, 0x0000000088200000| Untracked 
| 130|0x0000000088200000, 0x0000000088300000, 0x0000000088300000|100%| O|  |TAMS 0x0000000088200000, 0x0000000088300000| Untracked 
| 131|0x0000000088300000, 0x0000000088400000, 0x0000000088400000|100%| O|  |TAMS 0x0000000088300000, 0x0000000088400000| Untracked 
| 132|0x0000000088400000, 0x0000000088500000, 0x0000000088500000|100%| O|  |TAMS 0x0000000088400000, 0x0000000088500000| Untracked 
| 133|0x0000000088500000, 0x0000000088600000, 0x0000000088600000|100%| O|  |TAMS 0x0000000088500000, 0x0000000088600000| Untracked 
| 134|0x0000000088600000, 0x0000000088700000, 0x0000000088700000|100%| O|  |TAMS 0x0000000088600000, 0x0000000088700000| Untracked 
| 135|0x0000000088700000, 0x0000000088800000, 0x0000000088800000|100%| O|  |TAMS 0x0000000088700000, 0x0000000088800000| Untracked 
| 136|0x0000000088800000, 0x0000000088900000, 0x0000000088900000|100%| O|  |TAMS 0x0000000088800000, 0x0000000088900000| Untracked 
| 137|0x0000000088900000, 0x0000000088a00000, 0x0000000088a00000|100%| O|  |TAMS 0x0000000088900000, 0x0000000088a00000| Untracked 
| 138|0x0000000088a00000, 0x0000000088b00000, 0x0000000088b00000|100%| O|  |TAMS 0x0000000088a00000, 0x0000000088b00000| Untracked 
| 139|0x0000000088b00000, 0x0000000088c00000, 0x0000000088c00000|100%| O|  |TAMS 0x0000000088b00000, 0x0000000088c00000| Untracked 
| 140|0x0000000088c00000, 0x0000000088d00000, 0x0000000088d00000|100%| O|  |TAMS 0x0000000088c00000, 0x0000000088d00000| Untracked 
| 141|0x0000000088d00000, 0x0000000088e00000, 0x0000000088e00000|100%| O|  |TAMS 0x0000000088d00000, 0x0000000088e00000| Untracked 
| 142|0x0000000088e00000, 0x0000000088f00000, 0x0000000088f00000|100%| O|  |TAMS 0x0000000088e00000, 0x0000000088f00000| Untracked 
| 143|0x0000000088f00000, 0x0000000089000000, 0x0000000089000000|100%| O|  |TAMS 0x0000000088f00000, 0x0000000089000000| Untracked 
| 144|0x0000000089000000, 0x0000000089100000, 0x0000000089100000|100%| O|  |TAMS 0x0000000089000000, 0x0000000089100000| Untracked 
| 145|0x0000000089100000, 0x0000000089200000, 0x0000000089200000|100%| O|  |TAMS 0x0000000089100000, 0x0000000089200000| Untracked 
| 146|0x0000000089200000, 0x0000000089300000, 0x0000000089300000|100%| O|  |TAMS 0x0000000089200000, 0x0000000089300000| Untracked 
| 147|0x0000000089300000, 0x0000000089400000, 0x0000000089400000|100%| O|  |TAMS 0x0000000089300000, 0x0000000089400000| Untracked 
| 148|0x0000000089400000, 0x0000000089500000, 0x0000000089500000|100%| O|  |TAMS 0x0000000089400000, 0x0000000089500000| Untracked 
| 149|0x0000000089500000, 0x0000000089600000, 0x0000000089600000|100%| O|  |TAMS 0x0000000089500000, 0x0000000089600000| Untracked 
| 150|0x0000000089600000, 0x0000000089700000, 0x0000000089700000|100%| O|  |TAMS 0x0000000089600000, 0x0000000089700000| Untracked 
| 151|0x0000000089700000, 0x0000000089800000, 0x0000000089800000|100%| O|  |TAMS 0x0000000089700000, 0x0000000089800000| Untracked 
| 152|0x0000000089800000, 0x0000000089900000, 0x0000000089900000|100%| O|  |TAMS 0x0000000089800000, 0x0000000089900000| Untracked 
| 153|0x0000000089900000, 0x0000000089a00000, 0x0000000089a00000|100%| O|  |TAMS 0x0000000089900000, 0x0000000089a00000| Untracked 
| 154|0x0000000089a00000, 0x0000000089b00000, 0x0000000089b00000|100%| O|  |TAMS 0x0000000089a00000, 0x0000000089b00000| Untracked 
| 155|0x0000000089b00000, 0x0000000089c00000, 0x0000000089c00000|100%| O|  |TAMS 0x0000000089b00000, 0x0000000089c00000| Untracked 
| 156|0x0000000089c00000, 0x0000000089d00000, 0x0000000089d00000|100%| O|  |TAMS 0x0000000089c00000, 0x0000000089d00000| Untracked 
| 157|0x0000000089d00000, 0x0000000089e00000, 0x0000000089e00000|100%| O|  |TAMS 0x0000000089d00000, 0x0000000089e00000| Untracked 
| 158|0x0000000089e00000, 0x0000000089f00000, 0x0000000089f00000|100%| O|  |TAMS 0x0000000089e00000, 0x0000000089e8fe00| Untracked 
| 159|0x0000000089f00000, 0x000000008a000000, 0x000000008a000000|100%| O|  |TAMS 0x0000000089f00000, 0x0000000089f00000| Untracked 
| 160|0x000000008a000000, 0x000000008a100000, 0x000000008a100000|100%| O|  |TAMS 0x000000008a000000, 0x000000008a000000| Untracked 
| 161|0x000000008a100000, 0x000000008a200000, 0x000000008a200000|100%| O|  |TAMS 0x000000008a100000, 0x000000008a100000| Untracked 
| 162|0x000000008a200000, 0x000000008a300000, 0x000000008a300000|100%| O|  |TAMS 0x000000008a200000, 0x000000008a200000| Untracked 
| 163|0x000000008a300000, 0x000000008a400000, 0x000000008a400000|100%| O|  |TAMS 0x000000008a300000, 0x000000008a300000| Untracked 
| 164|0x000000008a400000, 0x000000008a500000, 0x000000008a500000|100%|HS|  |TAMS 0x000000008a400000, 0x000000008a400000| Complete 
| 165|0x000000008a500000, 0x000000008a600000, 0x000000008a600000|100%| O|  |TAMS 0x000000008a500000, 0x000000008a500000| Untracked 
| 166|0x000000008a600000, 0x000000008a700000, 0x000000008a700000|100%| O|  |TAMS 0x000000008a600000, 0x000000008a600000| Untracked 
| 167|0x000000008a700000, 0x000000008a800000, 0x000000008a800000|100%| O|  |TAMS 0x000000008a700000, 0x000000008a700000| Untracked 
| 168|0x000000008a800000, 0x000000008a900000, 0x000000008a900000|100%| O|  |TAMS 0x000000008a800000, 0x000000008a800000| Untracked 
| 169|0x000000008a900000, 0x000000008a9f1200, 0x000000008aa00000| 94%| O|  |TAMS 0x000000008a900000, 0x000000008a900000| Untracked 
| 170|0x000000008aa00000, 0x000000008aa00000, 0x000000008ab00000|  0%| F|  |TAMS 0x000000008aa00000, 0x000000008aa00000| Untracked 
| 171|0x000000008ab00000, 0x000000008ab00000, 0x000000008ac00000|  0%| F|  |TAMS 0x000000008ab00000, 0x000000008ab00000| Untracked 
| 172|0x000000008ac00000, 0x000000008ac00000, 0x000000008ad00000|  0%| F|  |TAMS 0x000000008ac00000, 0x000000008ac00000| Untracked 
| 173|0x000000008ad00000, 0x000000008ad00000, 0x000000008ae00000|  0%| F|  |TAMS 0x000000008ad00000, 0x000000008ad00000| Untracked 
| 174|0x000000008ae00000, 0x000000008ae00000, 0x000000008af00000|  0%| F|  |TAMS 0x000000008ae00000, 0x000000008ae00000| Untracked 
| 175|0x000000008af00000, 0x000000008af00000, 0x000000008b000000|  0%| F|  |TAMS 0x000000008af00000, 0x000000008af00000| Untracked 
| 176|0x000000008b000000, 0x000000008b000000, 0x000000008b100000|  0%| F|  |TAMS 0x000000008b000000, 0x000000008b000000| Untracked 
| 177|0x000000008b100000, 0x000000008b100000, 0x000000008b200000|  0%| F|  |TAMS 0x000000008b100000, 0x000000008b100000| Untracked 
| 178|0x000000008b200000, 0x000000008b200000, 0x000000008b300000|  0%| F|  |TAMS 0x000000008b200000, 0x000000008b200000| Untracked 
| 179|0x000000008b300000, 0x000000008b300000, 0x000000008b400000|  0%| F|  |TAMS 0x000000008b300000, 0x000000008b300000| Untracked 
| 180|0x000000008b400000, 0x000000008b400000, 0x000000008b500000|  0%| F|  |TAMS 0x000000008b400000, 0x000000008b400000| Untracked 
| 181|0x000000008b500000, 0x000000008b500000, 0x000000008b600000|  0%| F|  |TAMS 0x000000008b500000, 0x000000008b500000| Untracked 
| 182|0x000000008b600000, 0x000000008b600000, 0x000000008b700000|  0%| F|  |TAMS 0x000000008b600000, 0x000000008b600000| Untracked 
| 183|0x000000008b700000, 0x000000008b700000, 0x000000008b800000|  0%| F|  |TAMS 0x000000008b700000, 0x000000008b700000| Untracked 
| 184|0x000000008b800000, 0x000000008b800000, 0x000000008b900000|  0%| F|  |TAMS 0x000000008b800000, 0x000000008b800000| Untracked 
| 185|0x000000008b900000, 0x000000008b900000, 0x000000008ba00000|  0%| F|  |TAMS 0x000000008b900000, 0x000000008b900000| Untracked 
| 186|0x000000008ba00000, 0x000000008ba00000, 0x000000008bb00000|  0%| F|  |TAMS 0x000000008ba00000, 0x000000008ba00000| Untracked 
| 187|0x000000008bb00000, 0x000000008bb00000, 0x000000008bc00000|  0%| F|  |TAMS 0x000000008bb00000, 0x000000008bb00000| Untracked 
| 188|0x000000008bc00000, 0x000000008bc00000, 0x000000008bd00000|  0%| F|  |TAMS 0x000000008bc00000, 0x000000008bc00000| Untracked 
| 189|0x000000008bd00000, 0x000000008bd00000, 0x000000008be00000|  0%| F|  |TAMS 0x000000008bd00000, 0x000000008bd00000| Untracked 
| 190|0x000000008be00000, 0x000000008be00000, 0x000000008bf00000|  0%| F|  |TAMS 0x000000008be00000, 0x000000008be00000| Untracked 
| 191|0x000000008bf00000, 0x000000008bf00000, 0x000000008c000000|  0%| F|  |TAMS 0x000000008bf00000, 0x000000008bf00000| Untracked 
| 192|0x000000008c000000, 0x000000008c000000, 0x000000008c100000|  0%| F|  |TAMS 0x000000008c000000, 0x000000008c000000| Untracked 
| 193|0x000000008c100000, 0x000000008c100000, 0x000000008c200000|  0%| F|  |TAMS 0x000000008c100000, 0x000000008c100000| Untracked 
| 194|0x000000008c200000, 0x000000008c200000, 0x000000008c300000|  0%| F|  |TAMS 0x000000008c200000, 0x000000008c200000| Untracked 
| 195|0x000000008c300000, 0x000000008c300000, 0x000000008c400000|  0%| F|  |TAMS 0x000000008c300000, 0x000000008c300000| Untracked 
| 196|0x000000008c400000, 0x000000008c400000, 0x000000008c500000|  0%| F|  |TAMS 0x000000008c400000, 0x000000008c400000| Untracked 
| 197|0x000000008c500000, 0x000000008c500000, 0x000000008c600000|  0%| F|  |TAMS 0x000000008c500000, 0x000000008c500000| Untracked 
| 198|0x000000008c600000, 0x000000008c600000, 0x000000008c700000|  0%| F|  |TAMS 0x000000008c600000, 0x000000008c600000| Untracked 
| 199|0x000000008c700000, 0x000000008c700000, 0x000000008c800000|  0%| F|  |TAMS 0x000000008c700000, 0x000000008c700000| Untracked 
| 200|0x000000008c800000, 0x000000008c900000, 0x000000008c900000|100%| S|CS|TAMS 0x000000008c800000, 0x000000008c800000| Complete 
| 201|0x000000008c900000, 0x000000008ca00000, 0x000000008ca00000|100%| S|CS|TAMS 0x000000008c900000, 0x000000008c900000| Complete 
| 202|0x000000008ca00000, 0x000000008cb00000, 0x000000008cb00000|100%| S|CS|TAMS 0x000000008ca00000, 0x000000008ca00000| Complete 
| 203|0x000000008cb00000, 0x000000008cb00000, 0x000000008cc00000|  0%| F|  |TAMS 0x000000008cb00000, 0x000000008cb00000| Untracked 
| 204|0x000000008cc00000, 0x000000008cc00000, 0x000000008cd00000|  0%| F|  |TAMS 0x000000008cc00000, 0x000000008cc00000| Untracked 
| 205|0x000000008cd00000, 0x000000008cd00000, 0x000000008ce00000|  0%| F|  |TAMS 0x000000008cd00000, 0x000000008cd00000| Untracked 
| 206|0x000000008ce00000, 0x000000008ce00000, 0x000000008cf00000|  0%| F|  |TAMS 0x000000008ce00000, 0x000000008ce00000| Untracked 
| 207|0x000000008cf00000, 0x000000008cf00000, 0x000000008d000000|  0%| F|  |TAMS 0x000000008cf00000, 0x000000008cf00000| Untracked 
| 208|0x000000008d000000, 0x000000008d000000, 0x000000008d100000|  0%| F|  |TAMS 0x000000008d000000, 0x000000008d000000| Untracked 
| 209|0x000000008d100000, 0x000000008d100000, 0x000000008d200000|  0%| F|  |TAMS 0x000000008d100000, 0x000000008d100000| Untracked 
| 210|0x000000008d200000, 0x000000008d200000, 0x000000008d300000|  0%| F|  |TAMS 0x000000008d200000, 0x000000008d200000| Untracked 
| 211|0x000000008d300000, 0x000000008d300000, 0x000000008d400000|  0%| F|  |TAMS 0x000000008d300000, 0x000000008d300000| Untracked 
| 212|0x000000008d400000, 0x000000008d400000, 0x000000008d500000|  0%| F|  |TAMS 0x000000008d400000, 0x000000008d400000| Untracked 
| 213|0x000000008d500000, 0x000000008d500000, 0x000000008d600000|  0%| F|  |TAMS 0x000000008d500000, 0x000000008d500000| Untracked 
| 214|0x000000008d600000, 0x000000008d600000, 0x000000008d700000|  0%| F|  |TAMS 0x000000008d600000, 0x000000008d600000| Untracked 
| 215|0x000000008d700000, 0x000000008d700000, 0x000000008d800000|  0%| F|  |TAMS 0x000000008d700000, 0x000000008d700000| Untracked 
| 216|0x000000008d800000, 0x000000008d800000, 0x000000008d900000|  0%| F|  |TAMS 0x000000008d800000, 0x000000008d800000| Untracked 
| 217|0x000000008d900000, 0x000000008d900000, 0x000000008da00000|  0%| F|  |TAMS 0x000000008d900000, 0x000000008d900000| Untracked 
| 218|0x000000008da00000, 0x000000008da00000, 0x000000008db00000|  0%| F|  |TAMS 0x000000008da00000, 0x000000008da00000| Untracked 
| 219|0x000000008db00000, 0x000000008db00000, 0x000000008dc00000|  0%| F|  |TAMS 0x000000008db00000, 0x000000008db00000| Untracked 
| 220|0x000000008dc00000, 0x000000008dc00000, 0x000000008dd00000|  0%| F|  |TAMS 0x000000008dc00000, 0x000000008dc00000| Untracked 
| 221|0x000000008dd00000, 0x000000008dd00000, 0x000000008de00000|  0%| F|  |TAMS 0x000000008dd00000, 0x000000008dd00000| Untracked 
| 222|0x000000008de00000, 0x000000008de00000, 0x000000008df00000|  0%| F|  |TAMS 0x000000008de00000, 0x000000008de00000| Untracked 
| 223|0x000000008df00000, 0x000000008df00000, 0x000000008e000000|  0%| F|  |TAMS 0x000000008df00000, 0x000000008df00000| Untracked 

Card table byte_map: [0x00000216d28d0000,0x00000216d2cd0000] _byte_map_base: 0x00000216d24d0000

Marking Bits (Prev, Next): (CMBitMap*) 0x00000216bb464110, (CMBitMap*) 0x00000216bb464150
 Prev Bits: [0x00000216d30d0000, 0x00000216d50d0000)
 Next Bits: [0x00000216d50d0000, 0x00000216d70d0000)

Polling page: 0x00000216b9330000

Metaspace:

Usage:
  Non-class:    112.27 MB used.
      Class:     16.72 MB used.
       Both:    128.99 MB used.

Virtual space:
  Non-class space:      128.00 MB reserved,     112.81 MB ( 88%) committed,  2 nodes.
      Class space:      416.00 MB reserved,      17.12 MB (  4%) committed,  1 nodes.
             Both:      544.00 MB reserved,     129.94 MB ( 24%) committed. 

Chunk freelists:
   Non-Class:  14.41 MB
       Class:  14.72 MB
        Both:  29.12 MB

MaxMetaspaceSize: 512.00 MB
CompressedClassSpaceSize: 416.00 MB
Initial GC threshold: 21.00 MB
Current GC threshold: 211.19 MB
CDS: on
MetaspaceReclaimPolicy: balanced
 - commit_granule_bytes: 65536.
 - commit_granule_words: 8192.
 - virtual_space_node_default_size: 8388608.
 - enlarge_chunks_in_place: 1.
 - new_chunks_are_fully_committed: 0.
 - uncommit_free_chunks: 1.
 - use_allocation_guard: 0.
 - handle_deallocations: 1.


Internal statistics:

num_allocs_failed_limit: 6.
num_arena_births: 1318.
num_arena_deaths: 0.
num_vsnodes_births: 3.
num_vsnodes_deaths: 0.
num_space_committed: 2077.
num_space_uncommitted: 0.
num_chunks_returned_to_freelist: 6.
num_chunks_taken_from_freelist: 6478.
num_chunk_merges: 6.
num_chunk_splits: 4753.
num_chunks_enlarged: 3693.
num_inconsistent_stats: 0.

CodeHeap 'non-profiled nmethods': size=120000Kb used=6505Kb max_used=6505Kb free=113494Kb
 bounds [0x00000216caa50000, 0x00000216cb0b0000, 0x00000216d1f80000]
CodeHeap 'profiled nmethods': size=120000Kb used=27785Kb max_used=27785Kb free=92214Kb
 bounds [0x00000216c2f80000, 0x00000216c4ab0000, 0x00000216ca4b0000]
CodeHeap 'non-nmethods': size=5760Kb used=1927Kb max_used=1979Kb free=3832Kb
 bounds [0x00000216ca4b0000, 0x00000216ca720000, 0x00000216caa50000]
 total_blobs=13257 nmethods=12196 adapters=972
 compilation: enabled
              stopped_count=0, restarted_count=0
 full_count=0

Compilation events (20 events):
Event: 50.679 Thread 0x00000216d9b49910 13741       2       org.jetbrains.kotlin.load.java.structure.impl.classFiles.BinaryJavaClass::visitField (134 bytes)
Event: 50.680 Thread 0x00000216d9b49910 nmethod 13741 0x00000216c4a99990 code [0x00000216c4a99c40, 0x00000216c4a9a568]
Event: 50.680 Thread 0x00000216d9b49910 13742       2       org.jetbrains.kotlin.load.java.structure.impl.classFiles.BinaryJavaClass::processValue (138 bytes)
Event: 50.681 Thread 0x00000216d9b49910 nmethod 13742 0x00000216c4a9ab10 code [0x00000216c4a9ad00, 0x00000216c4a9b258]
Event: 50.681 Thread 0x00000216d9b49910 13740       1       org.jetbrains.kotlin.load.java.structure.impl.classFiles.PlainJavaPrimitiveType::getType (5 bytes)
Event: 50.681 Thread 0x00000216d9b49910 nmethod 13740 0x00000216cb0aa390 code [0x00000216cb0aa520, 0x00000216cb0aa5f8]
Event: 50.681 Thread 0x00000216d9b49910 13745       2       org.jetbrains.kotlin.load.java.typeEnhancement.AbstractSignatureParts::computeIndexedQualifiers (523 bytes)
Event: 50.685 Thread 0x00000216d9b49910 nmethod 13745 0x00000216c4a9b490 code [0x00000216c4a9b8e0, 0x00000216c4a9cf48]
Event: 50.685 Thread 0x00000216d9b49910 13743       2       org.jetbrains.kotlin.fir.java.enhancement.FirSignatureEnhancement::enhance (223 bytes)
Event: 50.686 Thread 0x00000216d9b49910 nmethod 13743 0x00000216c4a9df10 code [0x00000216c4a9e260, 0x00000216c4a9f098]
Event: 50.687 Thread 0x00000216d9b49910 13744       2       org.jetbrains.kotlin.load.java.typeEnhancement.AbstractSignatureParts::computeIndexedQualifiers$default (36 bytes)
Event: 50.687 Thread 0x00000216d9b49910 nmethod 13744 0x00000216c4a9fa10 code [0x00000216c4a9fbc0, 0x00000216c4a9fdb8]
Event: 50.687 Thread 0x00000216d9b49910 13746       2       org.jetbrains.kotlin.fir.java.enhancement.EnhancementSignatureParts::getContainerIsVarargParameter (29 bytes)
Event: 50.687 Thread 0x00000216d9b49910 nmethod 13746 0x00000216c4a9ff10 code [0x00000216c4aa00c0, 0x00000216c4aa0288]
Event: 50.687 Thread 0x00000216d9b49910 13747       2       org.jetbrains.kotlin.load.java.typeEnhancement.AbstractSignatureParts$$Lambda$2224/0x00000216dbe558d0::<init> (15 bytes)
Event: 50.687 Thread 0x00000216d9b49910 nmethod 13747 0x00000216c4aa0390 code [0x00000216c4aa0520, 0x00000216c4aa06d8]
Event: 50.687 Thread 0x00000216d9b49910 13748       2       org.jetbrains.kotlin.fir.java.enhancement.JavaTypeUtilsKt::enhance (73 bytes)
Event: 50.688 Thread 0x00000216d9b49910 nmethod 13748 0x00000216c4aa0790 code [0x00000216c4aa0a20, 0x00000216c4aa1118]
Event: 50.742 Thread 0x00000216d9b49910 13750       2       org.jetbrains.kotlin.fir.resolve.providers.impl.FirBuiltinSymbolProvidersKt::getTopLevelClassifierNamesInPackage (137 bytes)
Event: 50.743 Thread 0x00000216d9b49910 nmethod 13750 0x00000216c4aa1590 code [0x00000216c4aa1860, 0x00000216c4aa2038]

GC Heap History (20 events):
Event: 41.516 GC heap after
{Heap after GC invocations=51 (full 0):
 garbage-first heap   total 210944K, used 127830K [0x0000000080000000, 0x0000000100000000)
  region size 1024K, 1 young (1024K), 1 survivors (1024K)
 Metaspace       used 112273K, committed 113216K, reserved 557056K
  class space    used 14948K, committed 15360K, reserved 425984K
}
Event: 43.304 GC heap before
{Heap before GC invocations=51 (full 0):
 garbage-first heap   total 210944K, used 166742K [0x0000000080000000, 0x0000000100000000)
  region size 1024K, 40 young (40960K), 1 survivors (1024K)
 Metaspace       used 117029K, committed 117952K, reserved 557056K
  class space    used 15411K, committed 15808K, reserved 425984K
}
Event: 43.309 GC heap after
{Heap after GC invocations=52 (full 0):
 garbage-first heap   total 210944K, used 129226K [0x0000000080000000, 0x0000000100000000)
  region size 1024K, 3 young (3072K), 3 survivors (3072K)
 Metaspace       used 117029K, committed 117952K, reserved 557056K
  class space    used 15411K, committed 15808K, reserved 425984K
}
Event: 44.842 GC heap before
{Heap before GC invocations=53 (full 0):
 garbage-first heap   total 224256K, used 169162K [0x0000000080000000, 0x0000000100000000)
  region size 1024K, 43 young (44032K), 3 survivors (3072K)
 Metaspace       used 121469K, committed 122432K, reserved 557056K
  class space    used 15962K, committed 16384K, reserved 425984K
}
Event: 44.850 GC heap after
{Heap after GC invocations=54 (full 0):
 garbage-first heap   total 224256K, used 131470K [0x0000000080000000, 0x0000000100000000)
  region size 1024K, 5 young (5120K), 5 survivors (5120K)
 Metaspace       used 121469K, committed 122432K, reserved 557056K
  class space    used 15962K, committed 16384K, reserved 425984K
}
Event: 45.106 GC heap before
{Heap before GC invocations=54 (full 0):
 garbage-first heap   total 224256K, used 136590K [0x0000000080000000, 0x0000000100000000)
  region size 1024K, 10 young (10240K), 5 survivors (5120K)
 Metaspace       used 122079K, committed 123008K, reserved 557056K
  class space    used 16058K, committed 16448K, reserved 425984K
}
Event: 45.113 GC heap after
{Heap after GC invocations=55 (full 0):
 garbage-first heap   total 224256K, used 131035K [0x0000000080000000, 0x0000000100000000)
  region size 1024K, 1 young (1024K), 1 survivors (1024K)
 Metaspace       used 122079K, committed 123008K, reserved 557056K
  class space    used 16058K, committed 16448K, reserved 425984K
}
Event: 47.228 GC heap before
{Heap before GC invocations=55 (full 0):
 garbage-first heap   total 224256K, used 182235K [0x0000000080000000, 0x0000000100000000)
  region size 1024K, 51 young (52224K), 1 survivors (1024K)
 Metaspace       used 128536K, committed 129408K, reserved 557056K
  class space    used 16698K, committed 17088K, reserved 425984K
}
Event: 47.234 GC heap after
{Heap after GC invocations=56 (full 0):
 garbage-first heap   total 224256K, used 132345K [0x0000000080000000, 0x0000000100000000)
  region size 1024K, 3 young (3072K), 3 survivors (3072K)
 Metaspace       used 128536K, committed 129408K, reserved 557056K
  class space    used 16698K, committed 17088K, reserved 425984K
}
Event: 49.862 GC heap before
{Heap before GC invocations=57 (full 0):
 garbage-first heap   total 229376K, used 183545K [0x0000000080000000, 0x0000000100000000)
  region size 1024K, 53 young (54272K), 3 survivors (3072K)
 Metaspace       used 131875K, committed 132864K, reserved 557056K
  class space    used 17123K, committed 17536K, reserved 425984K
}
Event: 49.872 GC heap after
{Heap after GC invocations=58 (full 0):
 garbage-first heap   total 229376K, used 140852K [0x0000000080000000, 0x0000000100000000)
  region size 1024K, 7 young (7168K), 7 survivors (7168K)
 Metaspace       used 131875K, committed 132864K, reserved 557056K
  class space    used 17123K, committed 17536K, reserved 425984K
}
Event: 49.894 GC heap before
{Heap before GC invocations=58 (full 0):
 garbage-first heap   total 229376K, used 144948K [0x0000000080000000, 0x0000000100000000)
  region size 1024K, 11 young (11264K), 7 survivors (7168K)
 Metaspace       used 131875K, committed 132864K, reserved 557056K
  class space    used 17123K, committed 17536K, reserved 425984K
}
Event: 49.904 GC heap after
{Heap after GC invocations=59 (full 0):
 garbage-first heap   total 229376K, used 142672K [0x0000000080000000, 0x0000000100000000)
  region size 1024K, 2 young (2048K), 2 survivors (2048K)
 Metaspace       used 131875K, committed 132864K, reserved 557056K
  class space    used 17123K, committed 17536K, reserved 425984K
}
Event: 50.292 GC heap before
{Heap before GC invocations=59 (full 0):
 garbage-first heap   total 229376K, used 185680K [0x0000000080000000, 0x0000000100000000)
  region size 1024K, 44 young (45056K), 2 survivors (2048K)
 Metaspace       used 131942K, committed 132928K, reserved 557056K
  class space    used 17123K, committed 17536K, reserved 425984K
}
Event: 50.305 GC heap after
{Heap after GC invocations=60 (full 0):
 garbage-first heap   total 229376K, used 157678K [0x0000000080000000, 0x0000000100000000)
  region size 1024K, 6 young (6144K), 6 survivors (6144K)
 Metaspace       used 131942K, committed 132928K, reserved 557056K
  class space    used 17123K, committed 17536K, reserved 425984K
}
Event: 50.609 GC heap before
{Heap before GC invocations=60 (full 0):
 garbage-first heap   total 229376K, used 184302K [0x0000000080000000, 0x0000000100000000)
  region size 1024K, 32 young (32768K), 6 survivors (6144K)
 Metaspace       used 132045K, committed 132992K, reserved 557056K
  class space    used 17123K, committed 17536K, reserved 425984K
}
Event: 50.622 GC heap after
{Heap after GC invocations=61 (full 0):
 garbage-first heap   total 229376K, used 166463K [0x0000000080000000, 0x0000000100000000)
  region size 1024K, 4 young (4096K), 4 survivors (4096K)
 Metaspace       used 132045K, committed 132992K, reserved 557056K
  class space    used 17123K, committed 17536K, reserved 425984K
}
Event: 50.690 GC heap before
{Heap before GC invocations=61 (full 0):
 garbage-first heap   total 229376K, used 172607K [0x0000000080000000, 0x0000000100000000)
  region size 1024K, 11 young (11264K), 4 survivors (4096K)
 Metaspace       used 132086K, committed 133056K, reserved 557056K
  class space    used 17123K, committed 17536K, reserved 425984K
}
Event: 50.698 GC heap after
{Heap after GC invocations=62 (full 0):
 garbage-first heap   total 229376K, used 169318K [0x0000000080000000, 0x0000000100000000)
  region size 1024K, 3 young (3072K), 3 survivors (3072K)
 Metaspace       used 132086K, committed 133056K, reserved 557056K
  class space    used 17123K, committed 17536K, reserved 425984K
}
Event: 50.744 GC heap before
{Heap before GC invocations=62 (full 0):
 garbage-first heap   total 229376K, used 188774K [0x0000000080000000, 0x0000000100000000)
  region size 1024K, 21 young (21504K), 3 survivors (3072K)
 Metaspace       used 132087K, committed 133056K, reserved 557056K
  class space    used 17123K, committed 17536K, reserved 425984K
}

Dll operation events (15 events):
Event: 0.027 Loaded shared library C:\Program Files\Eclipse Adoptium\jdk-17.0.19.10-hotspot\bin\java.dll
Event: 0.064 Loaded shared library C:\Program Files\Eclipse Adoptium\jdk-17.0.19.10-hotspot\bin\jsvml.dll
Event: 0.183 Loaded shared library C:\Program Files\Eclipse Adoptium\jdk-17.0.19.10-hotspot\bin\zip.dll
Event: 0.192 Loaded shared library C:\Program Files\Eclipse Adoptium\jdk-17.0.19.10-hotspot\bin\instrument.dll
Event: 0.203 Loaded shared library C:\Program Files\Eclipse Adoptium\jdk-17.0.19.10-hotspot\bin\net.dll
Event: 0.208 Loaded shared library C:\Program Files\Eclipse Adoptium\jdk-17.0.19.10-hotspot\bin\nio.dll
Event: 0.215 Loaded shared library C:\Program Files\Eclipse Adoptium\jdk-17.0.19.10-hotspot\bin\zip.dll
Event: 0.857 Loaded shared library C:\Program Files\Eclipse Adoptium\jdk-17.0.19.10-hotspot\bin\jimage.dll
Event: 1.460 Loaded shared library C:\Program Files\Eclipse Adoptium\jdk-17.0.19.10-hotspot\bin\verify.dll
Event: 1.549 Loaded shared library C:\Users\Karishma\.gradle\native\660c5614fbf4a5f2a75b1949f50a0caf5cd603558e7d8a26e50b933a0cfb79d1\windows-amd64\native-platform.dll
Event: 1.587 Loaded shared library C:\Users\Karishma\.gradle\native\0.2.8\x86_64-windows-gnu\gradle-fileevents.dll
Event: 4.137 Loaded shared library C:\Program Files\Eclipse Adoptium\jdk-17.0.19.10-hotspot\bin\management.dll
Event: 4.146 Loaded shared library C:\Program Files\Eclipse Adoptium\jdk-17.0.19.10-hotspot\bin\management_ext.dll
Event: 4.614 Loaded shared library C:\Program Files\Eclipse Adoptium\jdk-17.0.19.10-hotspot\bin\extnet.dll
Event: 5.131 Loaded shared library C:\Program Files\Eclipse Adoptium\jdk-17.0.19.10-hotspot\bin\sunmscapi.dll

Deoptimization events (20 events):
Event: 50.678 Thread 0x00000216f9009f40 DEOPT PACKING pc=0x00000216c439cd8d sp=0x00000067ab1ef780
Event: 50.678 Thread 0x00000216f9009f40 DEOPT UNPACKING pc=0x00000216ca507143 sp=0x00000067ab1eec10 mode 0
Event: 50.687 Thread 0x00000216f9009f40 DEOPT PACKING pc=0x00000216c43e04c4 sp=0x00000067ab1f0350
Event: 50.687 Thread 0x00000216f9009f40 DEOPT UNPACKING pc=0x00000216ca507143 sp=0x00000067ab1ef7b8 mode 0
Event: 50.701 Thread 0x00000216f9009f40 DEOPT PACKING pc=0x00000216c43e04c4 sp=0x00000067ab1f0350
Event: 50.701 Thread 0x00000216f9009f40 DEOPT UNPACKING pc=0x00000216ca507143 sp=0x00000067ab1ef7b8 mode 0
Event: 50.701 Thread 0x00000216f9009f40 DEOPT PACKING pc=0x00000216c43e04c4 sp=0x00000067ab1f0350
Event: 50.701 Thread 0x00000216f9009f40 DEOPT UNPACKING pc=0x00000216ca507143 sp=0x00000067ab1ef7b8 mode 0
Event: 50.712 Thread 0x00000216f9009f40 DEOPT PACKING pc=0x00000216c439cd8d sp=0x00000067ab1f06d0
Event: 50.712 Thread 0x00000216f9009f40 DEOPT UNPACKING pc=0x00000216ca507143 sp=0x00000067ab1efb60 mode 0
Event: 50.719 Thread 0x00000216f9009f40 DEOPT PACKING pc=0x00000216c43e04c4 sp=0x00000067ab1f0350
Event: 50.719 Thread 0x00000216f9009f40 DEOPT UNPACKING pc=0x00000216ca507143 sp=0x00000067ab1ef7b8 mode 0
Event: 50.724 Thread 0x00000216f9009f40 DEOPT PACKING pc=0x00000216c43e04c4 sp=0x00000067ab1f0350
Event: 50.724 Thread 0x00000216f9009f40 DEOPT UNPACKING pc=0x00000216ca507143 sp=0x00000067ab1ef7b8 mode 0
Event: 50.731 Thread 0x00000216f9009f40 DEOPT PACKING pc=0x00000216c43e04c4 sp=0x00000067ab1f0350
Event: 50.731 Thread 0x00000216f9009f40 DEOPT UNPACKING pc=0x00000216ca507143 sp=0x00000067ab1ef7b8 mode 0
Event: 50.735 Thread 0x00000216f9009f40 DEOPT PACKING pc=0x00000216c439cd8d sp=0x00000067ab1f06d0
Event: 50.735 Thread 0x00000216f9009f40 DEOPT UNPACKING pc=0x00000216ca507143 sp=0x00000067ab1efb60 mode 0
Event: 50.736 Thread 0x00000216f9009f40 DEOPT PACKING pc=0x00000216c43e04c4 sp=0x00000067ab1f0350
Event: 50.736 Thread 0x00000216f9009f40 DEOPT UNPACKING pc=0x00000216ca507143 sp=0x00000067ab1ef7b8 mode 0

Classes loaded (20 events):
Event: 48.506 Loading class org/xml/sax/SAXParseException
Event: 48.507 Loading class org/xml/sax/SAXParseException done
Event: 48.508 Loading class org/xml/sax/Attributes
Event: 48.511 Loading class org/xml/sax/Attributes done
Event: 48.595 Loading class java/lang/StringIndexOutOfBoundsException
Event: 48.603 Loading class java/lang/StringIndexOutOfBoundsException done
Event: 48.672 Loading class org/xml/sax/ContentHandler
Event: 48.672 Loading class org/xml/sax/ContentHandler done
Event: 48.672 Loading class org/xml/sax/EntityResolver
Event: 48.676 Loading class org/xml/sax/EntityResolver done
Event: 48.676 Loading class org/xml/sax/DTDHandler
Event: 48.676 Loading class org/xml/sax/DTDHandler done
Event: 48.731 Loading class java/io/FileWriter
Event: 48.744 Loading class java/io/FileWriter done
Event: 48.752 Loading class java/util/Spliterators$IntArraySpliterator
Event: 48.757 Loading class java/util/Spliterators$IntArraySpliterator done
Event: 48.769 Loading class java/text/ParsePosition
Event: 48.773 Loading class java/text/ParsePosition done
Event: 49.024 Loading class jdk/internal/reflect/UnsafeObjectFieldAccessorImpl
Event: 49.024 Loading class jdk/internal/reflect/UnsafeObjectFieldAccessorImpl done

Classes unloaded (0 events):
No events

Classes redefined (0 events):
No events

Internal exceptions (20 events):
Event: 48.043 Thread 0x00000216f9009f40 Exception <a 'sun/nio/fs/WindowsException'{0x000000008d47ad98}> (0x000000008d47ad98) 
thrown [s\src\hotspot\share\prims\jni.cpp, line 516]
Event: 48.166 Thread 0x00000216f9009f40 Exception <a 'sun/nio/fs/WindowsException'{0x000000008d399b00}> (0x000000008d399b00) 
thrown [s\src\hotspot\share\prims\jni.cpp, line 516]
Event: 48.470 Thread 0x00000216f9009f40 Exception <a 'java/lang/ClassNotFoundException'{0x000000008cfef2b8}: org/gradle/api/internal/project/DefaultProject_DecoratedBeanInfo> (0x000000008cfef2b8) 
thrown [s\src\hotspot\share\classfile\systemDictionary.cpp, line 256]
Event: 48.475 Thread 0x00000216f9009f40 Exception <a 'java/lang/ClassNotFoundException'{0x000000008ce0e920}: org/gradle/api/internal/project/DefaultProjectBeanInfo> (0x000000008ce0e920) 
thrown [s\src\hotspot\share\classfile\systemDictionary.cpp, line 256]
Event: 48.478 Thread 0x00000216f9009f40 Exception <a 'java/lang/ClassNotFoundException'{0x000000008ce2df28}: org/gradle/api/internal/project/DefaultProjectCustomizer> (0x000000008ce2df28) 
thrown [s\src\hotspot\share\classfile\systemDictionary.cpp, line 256]
Event: 48.492 Thread 0x00000216f9009f40 Exception <a 'java/lang/ClassNotFoundException'{0x000000008cef42a0}: org/gradle/api/internal/project/DefaultProject_DecoratedCustomizer> (0x000000008cef42a0) 
thrown [s\src\hotspot\share\classfile\systemDictionary.cpp, line 256]
Event: 48.677 Thread 0x00000216f9009f40 Exception <a 'java/lang/IncompatibleClassChangeError'{0x000000008cc66320}: Found class java.lang.Object, but interface was expected> (0x000000008cc66320) 
thrown [s\src\hotspot\share\interpreter\linkResolver.cpp, line 826]
Event: 48.843 Thread 0x00000216f9009f40 Exception <a 'java/lang/ClassNotFoundException'{0x000000008ca2c9e0}: org/gradle/api/internal/project/DefaultAntBuilderBeanInfo> (0x000000008ca2c9e0) 
thrown [s\src\hotspot\share\classfile\systemDictionary.cpp, line 256]
Event: 48.845 Thread 0x00000216f9009f40 Exception <a 'java/lang/ClassNotFoundException'{0x000000008ca4ea40}: org/gradle/api/internal/project/ant/BasicAntBuilderBeanInfo> (0x000000008ca4ea40) 
thrown [s\src\hotspot\share\classfile\systemDictionary.cpp, line 256]
Event: 48.848 Thread 0x00000216f9009f40 Exception <a 'java/lang/ClassNotFoundException'{0x000000008ca6fb38}: org/gradle/api/AntBuilderBeanInfo> (0x000000008ca6fb38) 
thrown [s\src\hotspot\share\classfile\systemDictionary.cpp, line 256]
Event: 48.850 Thread 0x00000216f9009f40 Exception <a 'java/lang/ClassNotFoundException'{0x000000008ca92388}: groovy/ant/AntBuilderBeanInfo> (0x000000008ca92388) 
thrown [s\src\hotspot\share\classfile\systemDictionary.cpp, line 256]
Event: 48.859 Thread 0x00000216f9009f40 Exception <a 'java/lang/ClassNotFoundException'{0x000000008cae1b30}: groovy/util/BuilderSupportBeanInfo> (0x000000008cae1b30) 
thrown [s\src\hotspot\share\classfile\systemDictionary.cpp, line 256]
Event: 48.863 Thread 0x00000216f9009f40 Exception <a 'java/lang/ClassNotFoundException'{0x000000008c9315a0}: groovy/util/BuilderSupportCustomizer> (0x000000008c9315a0) 
thrown [s\src\hotspot\share\classfile\systemDictionary.cpp, line 256]
Event: 48.865 Thread 0x00000216f9009f40 Exception <a 'java/lang/ClassNotFoundException'{0x000000008c9564a0}: groovy/ant/AntBuilderCustomizer> (0x000000008c9564a0) 
thrown [s\src\hotspot\share\classfile\systemDictionary.cpp, line 256]
Event: 48.868 Thread 0x00000216f9009f40 Exception <a 'java/lang/ClassNotFoundException'{0x000000008c97c280}: org/gradle/api/AntBuilderCustomizer> (0x000000008c97c280) 
thrown [s\src\hotspot\share\classfile\systemDictionary.cpp, line 256]
Event: 48.871 Thread 0x00000216f9009f40 Exception <a 'java/lang/ClassNotFoundException'{0x000000008c9a9780}: org/gradle/api/internal/project/ant/BasicAntBuilderCustomizer> (0x000000008c9a9780) 
thrown [s\src\hotspot\share\classfile\systemDictionary.cpp, line 256]
Event: 48.875 Thread 0x00000216f9009f40 Exception <a 'java/lang/ClassNotFoundException'{0x000000008c9de210}: org/gradle/api/internal/project/DefaultAntBuilderCustomizer> (0x000000008c9de210) 
thrown [s\src\hotspot\share\classfile\systemDictionary.cpp, line 256]
Event: 49.541 Thread 0x00000216f9009f40 Exception <a 'sun/nio/fs/WindowsException'{0x000000008bf637e8}> (0x000000008bf637e8) 
thrown [s\src\hotspot\share\prims\jni.cpp, line 516]
Event: 49.719 Thread 0x00000216f9009f40 Exception <a 'sun/nio/fs/WindowsException'{0x000000008bcf54f8}> (0x000000008bcf54f8) 
thrown [s\src\hotspot\share\prims\jni.cpp, line 516]
Event: 49.720 Thread 0x00000216f9009f40 Exception <a 'sun/nio/fs/WindowsException'{0x000000008bcf7848}> (0x000000008bcf7848) 
thrown [s\src\hotspot\share\prims\jni.cpp, line 516]

VM Operations (20 events):
Event: 47.637 Executing VM operation: HandshakeAllThreads done
Event: 48.594 Executing VM operation: HandshakeAllThreads
Event: 48.594 Executing VM operation: HandshakeAllThreads done
Event: 48.594 Executing VM operation: Cleanup
Event: 48.594 Executing VM operation: Cleanup done
Event: 48.746 Executing VM operation: HandshakeAllThreads
Event: 48.747 Executing VM operation: HandshakeAllThreads done
Event: 49.762 Executing VM operation: Cleanup
Event: 49.762 Executing VM operation: Cleanup done
Event: 49.861 Executing VM operation: G1CollectForAllocation
Event: 49.872 Executing VM operation: G1CollectForAllocation done
Event: 49.893 Executing VM operation: G1CollectForAllocation
Event: 49.904 Executing VM operation: G1CollectForAllocation done
Event: 50.292 Executing VM operation: G1CollectForAllocation
Event: 50.305 Executing VM operation: G1CollectForAllocation done
Event: 50.609 Executing VM operation: G1CollectForAllocation
Event: 50.622 Executing VM operation: G1CollectForAllocation done
Event: 50.690 Executing VM operation: G1TryInitiateConcMark
Event: 50.698 Executing VM operation: G1TryInitiateConcMark done
Event: 50.744 Executing VM operation: G1CollectForAllocation

Memory protections (0 events):
No events

Nmethod flushes (20 events):
Event: 35.503 Thread 0x00000216f900b380 flushing  nmethod 0x00000216c3e67a90
Event: 35.503 Thread 0x00000216f900b380 flushing  nmethod 0x00000216c3e6ec10
Event: 35.503 Thread 0x00000216f900b380 flushing  nmethod 0x00000216c3e8c110
Event: 35.503 Thread 0x00000216f900b380 flushing  nmethod 0x00000216c3e8d210
Event: 35.503 Thread 0x00000216f900b380 flushing  nmethod 0x00000216c3e9eb90
Event: 35.503 Thread 0x00000216f900b380 flushing  nmethod 0x00000216c3ea0490
Event: 35.503 Thread 0x00000216f900b380 flushing  nmethod 0x00000216c3ea1b10
Event: 35.503 Thread 0x00000216f900b380 flushing  nmethod 0x00000216c3ea2610
Event: 35.503 Thread 0x00000216f900b380 flushing  nmethod 0x00000216c3ebd690
Event: 35.503 Thread 0x00000216f900b380 flushing  nmethod 0x00000216c3ebeb10
Event: 35.503 Thread 0x00000216f900b380 flushing  nmethod 0x00000216c3ec0390
Event: 35.504 Thread 0x00000216f900b380 flushing  nmethod 0x00000216c3ee4b10
Event: 35.504 Thread 0x00000216f900b380 flushing  nmethod 0x00000216c3f51310
Event: 35.505 Thread 0x00000216f900b380 flushing  nmethod 0x00000216c3f93f90
Event: 43.246 Thread 0x00000216f900b380 flushing  nmethod 0x00000216c2f9fa10
Event: 43.249 Thread 0x00000216f900b380 flushing  nmethod 0x00000216c3248390
Event: 43.251 Thread 0x00000216f900b380 flushing  nmethod 0x00000216c333cc10
Event: 43.266 Thread 0x00000216f900b380 flushing  nmethod 0x00000216c3de2a10
Event: 43.268 Thread 0x00000216f900b380 flushing  nmethod 0x00000216c3f71390
Event: 43.268 Thread 0x00000216f900b380 flushing  nmethod 0x00000216c3f83810

Events (20 events):
Event: 24.067 Thread 0x00000216d9b49910 Thread added: 0x00000216fd33d040
Event: 25.676 Thread 0x00000216fd33d040 Thread exited: 0x00000216fd33d040
Event: 29.033 Thread 0x00000216d9b49910 Thread added: 0x00000216d9b4e880
Event: 30.175 Thread 0x00000216d9b4e880 Thread exited: 0x00000216d9b4e880
Event: 31.580 Thread 0x00000216d9b49910 Thread added: 0x00000216fdaa31a0
Event: 32.030 Thread 0x00000216fdaa31a0 Thread exited: 0x00000216fdaa31a0
Event: 33.788 Thread 0x00000216d9b49910 Thread added: 0x00000216fea7b030
Event: 34.728 Thread 0x00000216fea7b030 Thread exited: 0x00000216fea7b030
Event: 34.955 Thread 0x00000216d9b49910 Thread added: 0x00000216fea7b030
Event: 35.498 Thread 0x00000216fea7b030 Thread exited: 0x00000216fea7b030
Event: 41.053 Thread 0x00000216d9b45fe0 Thread added: 0x00000216fecb33b0
Event: 41.716 Thread 0x00000216fecb33b0 Thread exited: 0x00000216fecb33b0
Event: 42.215 Thread 0x00000216d9b49910 Thread added: 0x00000216fa3098d0
Event: 42.228 Thread 0x00000216d9b49910 Thread added: 0x00000216fa308390
Event: 42.764 Thread 0x00000216fa308390 Thread exited: 0x00000216fa308390
Event: 42.764 Thread 0x00000216fa3098d0 Thread exited: 0x00000216fa3098d0
Event: 43.006 Thread 0x00000216d9b49910 Thread added: 0x00000216fa308390
Event: 43.017 Thread 0x00000216d9b49910 Thread added: 0x00000216fa30ae10
Event: 43.533 Thread 0x00000216fa30ae10 Thread exited: 0x00000216fa30ae10
Event: 45.456 Thread 0x00000216fa308390 Thread exited: 0x00000216fa308390


Dynamic libraries:
0x00007ff61e4c0000 - 0x00007ff61e4ce000 	C:\Program Files\Eclipse Adoptium\jdk-17.0.19.10-hotspot\bin\java.exe
0x00007ffd81820000 - 0x00007ffd81a87000 	C:\WINDOWS\SYSTEM32\ntdll.dll
0x00007ffd80eb0000 - 0x00007ffd80f79000 	C:\WINDOWS\System32\KERNEL32.DLL
0x00007ffd7e8a0000 - 0x00007ffd7ec97000 	C:\WINDOWS\System32\KERNELBASE.dll
0x00007ffd7e560000 - 0x00007ffd7e6ab000 	C:\WINDOWS\System32\ucrtbase.dll
0x00007ffd5a5a0000 - 0x00007ffd5a5b8000 	C:\Program Files\Eclipse Adoptium\jdk-17.0.19.10-hotspot\bin\jli.dll
0x00007ffd533d0000 - 0x00007ffd533ee000 	C:\Program Files\Eclipse Adoptium\jdk-17.0.19.10-hotspot\bin\VCRUNTIME140.dll
0x00007ffd7fdc0000 - 0x00007ffd7ff86000 	C:\WINDOWS\System32\USER32.dll
0x00007ffd6b970000 - 0x00007ffd6bc02000 	C:\WINDOWS\WinSxS\amd64_microsoft.windows.common-controls_6595b64144ccf1df_6.0.26100.8457_none_3e0b2faee331e92d\COMCTL32.dll
0x00007ffd7e3d0000 - 0x00007ffd7e3f7000 	C:\WINDOWS\System32\win32u.dll
0x00007ffd802d0000 - 0x00007ffd80379000 	C:\WINDOWS\System32\msvcrt.dll
0x00007ffd81610000 - 0x00007ffd8163b000 	C:\WINDOWS\System32\GDI32.dll
0x00007ffd7e6b0000 - 0x00007ffd7e7dc000 	C:\WINDOWS\System32\gdi32full.dll
0x00007ffd7e4b0000 - 0x00007ffd7e553000 	C:\WINDOWS\System32\msvcp_win.dll
0x00007ffd803d0000 - 0x00007ffd80402000 	C:\WINDOWS\System32\IMM32.DLL
0x00007ffd6dd10000 - 0x00007ffd6dd1c000 	C:\Program Files\Eclipse Adoptium\jdk-17.0.19.10-hotspot\bin\vcruntime140_1.dll
0x00007ffd48930000 - 0x00007ffd489bd000 	C:\Program Files\Eclipse Adoptium\jdk-17.0.19.10-hotspot\bin\msvcp140.dll
0x00007ffce2290000 - 0x00007ffce2efc000 	C:\Program Files\Eclipse Adoptium\jdk-17.0.19.10-hotspot\bin\server\jvm.dll
0x00007ffd7fd00000 - 0x00007ffd7fdb6000 	C:\WINDOWS\System32\ADVAPI32.dll
0x00007ffd80020000 - 0x00007ffd800c7000 	C:\WINDOWS\System32\sechost.dll
0x00007ffd801b0000 - 0x00007ffd802c8000 	C:\WINDOWS\System32\RPCRT4.dll
0x00007ffd7fb00000 - 0x00007ffd7fb80000 	C:\WINDOWS\System32\WS2_32.dll
0x00007ffd7e0b0000 - 0x00007ffd7e10e000 	C:\WINDOWS\SYSTEM32\POWRPROF.dll
0x00007ffd7bd50000 - 0x00007ffd7bd86000 	C:\WINDOWS\SYSTEM32\WINMM.dll
0x00007ffd781d0000 - 0x00007ffd781db000 	C:\WINDOWS\SYSTEM32\VERSION.dll
0x00007ffd7e090000 - 0x00007ffd7e0a4000 	C:\WINDOWS\SYSTEM32\UMPDC.dll
0x00007ffd7cfe0000 - 0x00007ffd7cffb000 	C:\WINDOWS\SYSTEM32\kernel.appcore.dll
0x00007ffd5dcd0000 - 0x00007ffd5dcda000 	C:\Program Files\Eclipse Adoptium\jdk-17.0.19.10-hotspot\bin\jimage.dll
0x00007ffd7c110000 - 0x00007ffd7c352000 	C:\WINDOWS\SYSTEM32\DBGHELP.DLL
0x00007ffd81280000 - 0x00007ffd81603000 	C:\WINDOWS\System32\combase.dll
0x00007ffd800d0000 - 0x00007ffd801a9000 	C:\WINDOWS\System32\OLEAUT32.dll
0x00007ffd7bd10000 - 0x00007ffd7bd4b000 	C:\WINDOWS\SYSTEM32\dbgcore.DLL
0x00007ffd7e400000 - 0x00007ffd7e4a8000 	C:\WINDOWS\System32\bcryptPrimitives.dll
0x00007ffd49d40000 - 0x00007ffd49d4e000 	C:\Program Files\Eclipse Adoptium\jdk-17.0.19.10-hotspot\bin\instrument.dll
0x00007ffd529d0000 - 0x00007ffd529f5000 	C:\Program Files\Eclipse Adoptium\jdk-17.0.19.10-hotspot\bin\java.dll
0x00007ffd34c10000 - 0x00007ffd34ce7000 	C:\Program Files\Eclipse Adoptium\jdk-17.0.19.10-hotspot\bin\jsvml.dll
0x00007ffd80730000 - 0x00007ffd80e9e000 	C:\WINDOWS\System32\SHELL32.dll
0x00007ffd7ed30000 - 0x00007ffd7f59c000 	C:\WINDOWS\System32\windows.storage.dll
0x00007ffd816d0000 - 0x00007ffd817c6000 	C:\WINDOWS\System32\SHCORE.dll
0x00007ffd7fc90000 - 0x00007ffd7fcf6000 	C:\WINDOWS\System32\shlwapi.dll
0x00007ffd7e170000 - 0x00007ffd7e199000 	C:\WINDOWS\SYSTEM32\profapi.dll
0x00007ffd48520000 - 0x00007ffd48538000 	C:\Program Files\Eclipse Adoptium\jdk-17.0.19.10-hotspot\bin\zip.dll
0x00007ffd48910000 - 0x00007ffd4892a000 	C:\Program Files\Eclipse Adoptium\jdk-17.0.19.10-hotspot\bin\net.dll
0x00007ffd76020000 - 0x00007ffd76149000 	C:\WINDOWS\SYSTEM32\WINHTTP.dll
0x00007ffd7d550000 - 0x00007ffd7d5bc000 	C:\WINDOWS\system32\mswsock.dll
0x00007ffd488f0000 - 0x00007ffd48906000 	C:\Program Files\Eclipse Adoptium\jdk-17.0.19.10-hotspot\bin\nio.dll
0x00007ffd4b710000 - 0x00007ffd4b720000 	C:\Program Files\Eclipse Adoptium\jdk-17.0.19.10-hotspot\bin\verify.dll
0x00007ffd34be0000 - 0x00007ffd34c07000 	C:\Users\Karishma\.gradle\native\660c5614fbf4a5f2a75b1949f50a0caf5cd603558e7d8a26e50b933a0cfb79d1\windows-amd64\native-platform.dll
0x00007ffd14d10000 - 0x00007ffd14d87000 	C:\Users\Karishma\.gradle\native\0.2.8\x86_64-windows-gnu\gradle-fileevents.dll
0x00007ffd533c0000 - 0x00007ffd533ca000 	C:\Program Files\Eclipse Adoptium\jdk-17.0.19.10-hotspot\bin\management.dll
0x00007ffd4c680000 - 0x00007ffd4c68c000 	C:\Program Files\Eclipse Adoptium\jdk-17.0.19.10-hotspot\bin\management_ext.dll
0x00007ffd81270000 - 0x00007ffd81278000 	C:\WINDOWS\System32\PSAPI.DLL
0x00007ffd7ca80000 - 0x00007ffd7cab2000 	C:\WINDOWS\SYSTEM32\IPHLPAPI.DLL
0x00007ffd7faf0000 - 0x00007ffd7fafa000 	C:\WINDOWS\System32\NSI.dll
0x00007ffd781b0000 - 0x00007ffd781cd000 	C:\WINDOWS\SYSTEM32\dhcpcsvc6.DLL
0x00007ffd78180000 - 0x00007ffd781a5000 	C:\WINDOWS\SYSTEM32\dhcpcsvc.DLL
0x00007ffd7cac0000 - 0x00007ffd7cbf2000 	C:\WINDOWS\SYSTEM32\DNSAPI.dll
0x00007ffd4c410000 - 0x00007ffd4c419000 	C:\Program Files\Eclipse Adoptium\jdk-17.0.19.10-hotspot\bin\extnet.dll
0x00007ffd7d830000 - 0x00007ffd7d84b000 	C:\WINDOWS\SYSTEM32\CRYPTSP.dll
0x00007ffd7cf40000 - 0x00007ffd7cf79000 	C:\WINDOWS\system32\rsaenh.dll
0x00007ffd7d600000 - 0x00007ffd7d633000 	C:\WINDOWS\SYSTEM32\USERENV.dll
0x00007ffd7e140000 - 0x00007ffd7e16a000 	C:\WINDOWS\SYSTEM32\bcrypt.dll
0x00007ffd7d850000 - 0x00007ffd7d85c000 	C:\WINDOWS\SYSTEM32\CRYPTBASE.dll
0x00007ffd488e0000 - 0x00007ffd488ee000 	C:\Program Files\Eclipse Adoptium\jdk-17.0.19.10-hotspot\bin\sunmscapi.dll
0x00007ffd7e250000 - 0x00007ffd7e3c8000 	C:\WINDOWS\System32\CRYPT32.dll
0x00007ffd7da50000 - 0x00007ffd7da80000 	C:\WINDOWS\SYSTEM32\ncrypt.dll
0x00007ffd7da00000 - 0x00007ffd7da3f000 	C:\WINDOWS\SYSTEM32\NTASN1.dll
0x00007ffd56f30000 - 0x00007ffd56f38000 	C:\WINDOWS\system32\wshunix.dll

dbghelp: loaded successfully - version: 4.0.5 - missing functions: none
symbol engine: initialized successfully - sym options: 0x614 - pdb path: .;C:\Program Files\Eclipse Adoptium\jdk-17.0.19.10-hotspot\bin;C:\WINDOWS\SYSTEM32;C:\WINDOWS\WinSxS\amd64_microsoft.windows.common-controls_6595b64144ccf1df_6.0.26100.8457_none_3e0b2faee331e92d;C:\Program Files\Eclipse Adoptium\jdk-17.0.19.10-hotspot\bin\server;C:\Users\Karishma\.gradle\native\660c5614fbf4a5f2a75b1949f50a0caf5cd603558e7d8a26e50b933a0cfb79d1\windows-amd64;C:\Users\Karishma\.gradle\native\0.2.8\x86_64-windows-gnu

VM Arguments:
jvm_args: --add-opens=java.base/java.lang=ALL-UNNAMED --add-opens=java.base/java.lang.invoke=ALL-UNNAMED --add-opens=java.base/java.util=ALL-UNNAMED --add-opens=java.prefs/java.util.prefs=ALL-UNNAMED --add-exports=jdk.compiler/com.sun.tools.javac.api=ALL-UNNAMED --add-exports=jdk.compiler/com.sun.tools.javac.util=ALL-UNNAMED --add-opens=java.base/java.util=ALL-UNNAMED --add-opens=java.prefs/java.util.prefs=ALL-UNNAMED --add-opens=java.base/java.nio.charset=ALL-UNNAMED --add-opens=java.base/java.net=ALL-UNNAMED --add-opens=java.base/java.util.concurrent=ALL-UNNAMED --add-opens=java.base/java.util.concurrent.atomic=ALL-UNNAMED --add-opens=java.xml/javax.xml.namespace=ALL-UNNAMED --add-opens=java.base/java.time=ALL-UNNAMED -XX:MaxMetaspaceSize=512m -Xmx2048m -Dfile.encoding=windows-1252 -Duser.country=IN -Duser.language=en -Duser.variant -javaagent:C:\Users\Karishma\.gradle\wrapper\dists\gradle-9.3.1-bin\23ovyewtku6u96viwx3xl3oks\gradle-9.3.1\lib\agents\gradle-instrumentation-agent-9.3.1.jar 
java_command: org.gradle.launcher.daemon.bootstrap.GradleDaemon 9.3.1
java_class_path (initial): C:\Users\Karishma\.gradle\wrapper\dists\gradle-9.3.1-bin\23ovyewtku6u96viwx3xl3oks\gradle-9.3.1\lib\gradle-daemon-main-9.3.1.jar
Launcher Type: SUN_STANDARD

[Global flags]
     intx CICompilerCount                          = 4                                         {product} {ergonomic}
   size_t CompressedClassSpaceSize                 = 436207616                                 {product} {ergonomic}
     uint ConcGCThreads                            = 3                                         {product} {ergonomic}
     uint G1ConcRefinementThreads                  = 10                                        {product} {ergonomic}
   size_t G1HeapRegionSize                         = 1048576                                   {product} {ergonomic}
    uintx GCDrainStackTargetSize                   = 64                                        {product} {ergonomic}
   size_t InitialHeapSize                          = 123731968                                 {product} {ergonomic}
   size_t MarkStackSize                            = 4194304                                   {product} {ergonomic}
   size_t MaxHeapSize                              = 2147483648                                {product} {command line}
   size_t MaxMetaspaceSize                         = 536870912                                 {product} {command line}
   size_t MaxNewSize                               = 1287651328                                {product} {ergonomic}
   size_t MinHeapDeltaBytes                        = 1048576                                   {product} {ergonomic}
   size_t MinHeapSize                              = 8388608                                   {product} {ergonomic}
    uintx NonNMethodCodeHeapSize                   = 5839372                                {pd product} {ergonomic}
    uintx NonProfiledCodeHeapSize                  = 122909434                              {pd product} {ergonomic}
    uintx ProfiledCodeHeapSize                     = 122909434                              {pd product} {ergonomic}
    uintx ReservedCodeCacheSize                    = 251658240                              {pd product} {ergonomic}
     bool SegmentedCodeCache                       = true                                      {product} {ergonomic}
   size_t SoftMaxHeapSize                          = 2147483648                             {manageable} {ergonomic}
     bool UseCompressedClassPointers               = true                           {product lp64_product} {ergonomic}
     bool UseCompressedOops                        = true                           {product lp64_product} {ergonomic}
     bool UseG1GC                                  = true                                      {product} {ergonomic}
     bool UseLargePagesIndividualAllocation        = false                                  {pd product} {ergonomic}

Logging:
Log output configuration:
 #0: stdout all=warning uptime,level,tags
 #1: stderr all=off uptime,level,tags

Environment Variables:
JAVA_HOME=C:/Program Files/Eclipse Adoptium/jdk-17.0.19.10-hotspot
PATH=C:\Users\Karishma\bin;C:\Program Files\Git\mingw64\bin;C:\Program Files\Git\usr\local\bin;C:\Program Files\Git\usr\bin;C:\Program Files\Git\usr\bin;C:\Program Files\Git\mingw64\bin;C:\Program Files\Git\usr\bin;C:\Users\Karishma\bin;C:\Program Files\Eclipse Adoptium\jdk-17.0.19.10-hotspot\bin;C:\Program Files\Eclipse Adoptium\jdk-25.0.3.9-hotspot\bin;C:\Program Files\OpenLogic\jdk-22.0.2.9-hotspot\bin;C:\WINDOWS\system32;C:\WINDOWS;C:\WINDOWS\System32\Wbem;C:\WINDOWS\System32\WindowsPowerShell\v1.0;C:\WINDOWS\System32\OpenSSH;C:\MinGW\bin;C:\Program Files\dotnet;C:\ProgramData\chocolatey\bin;C:\ProgramData\Microsoft\Windows\Start Menu\Programs\Node.js;C:\Program Files\Docker\Docker\resources\bin;C:\Program Files\k6;C:\Program Files\Git\cmd;C:\Program Files\nodejs;C:\UsersKarishma\AppData\Local\Android\Sdk\platform-tools;C:\UsersKarishma\AppData\Local\Android\Sdk\emulator;C:\Program Files\MySQL\MySQL Shell 8.0\bin;C:\Users\Karishma\AppData\Local\Programs\Python\Python311\Scripts;C:\Users\Karishma\AppData\Local\Programs\Python\Python311;C:\Users\Karishma\AppData\Local\Microsoft\WindowsApps;C:\Users\Karishma\AppData\Local\Programs\Microsoft VS Code\bin;C:\Program Files\JetBrains\IntelliJ IDEA 2022.2.2\bin;C:\Program Files\JetBrains\IntelliJ IDEA Community Edition 2022.2.2\bin;C:\Users\Karishma\AppData\Local\Programs\Hyper\resources\bin;C:\Program Files\MongoDB\Server\6.0\bin;C:\Program Files\mongosh-1.10.3-win32-x64\bin;C:\Users\Karishma\AppData\Local\Microsoft\WindowsApps;C:\Users\Karishma\AppData\Roaming\npm;C:\Users\Karishma\.console-ninja\.bin;C:\Program Files\Git\usr\bin\vendor_perl;C:\Program Files\Git\usr\bin\core_perl;C:\Program Files\Eclipse Adoptium\jdk-17.0.19.10-hotspot\bin
USERNAME=Karishma
SHELL=C:\Program Files\Git\usr\bin\bash.exe
DISPLAY=needs-to-be-defined
LANG=en_US.UTF-8
TERM=xterm-256color
TMPDIR=C:\Users\Karishma\AppData\Local\Temp
OS=Windows_NT
PROCESSOR_IDENTIFIER=AMD64 Family 23 Model 104 Stepping 1, AuthenticAMD
TMP=C:\Users\Karishma\AppData\Local\Temp
TEMP=C:\Users\Karishma\AppData\Local\Temp



Periodic native trim disabled


---------------  S Y S T E M  ---------------

OS:
 Windows 11 , 64 bit Build 26100 (10.0.26100.8328)
OS uptime: 1 days 12:05 hours
Hyper-V role detected

CPU: total 12 (initial active 12) (12 cores per cpu, 2 threads per core) family 23 model 104 stepping 1 microcode 0x8608109, cx8, cmov, fxsr, ht, mmx, 3dnowpref, sse, sse2, sse3, ssse3, sse4a, sse4.1, sse4.2, popcnt, lzcnt, tsc, tscinvbit, avx, avx2, aes, clmul, bmi1, bmi2, adx, sha, fma, vzeroupper, clflush, clflushopt, hv
Processor Information for all 12 processors :
  Max Mhz: 2100, Current Mhz: 1893, Mhz Limit: 2100

Memory: 4k page, system-wide physical 7528M (347M free)
TotalPageFile size 31080M (AvailPageFile size 224M)
current process WorkingSet (physical memory assigned to process): 463M, peak: 467M
current process commit charge ("private bytes"): 597M, peak: 827M

vm_info: OpenJDK 64-Bit Server VM (17.0.19+10) for windows-amd64 JRE (17.0.19+10), built on Apr 25 2026 08:04:44 by "admin" with MS VC++ 17.12 (VS2022)

END.
